
<!DOCTYPE html>
<html>


<head>
	<meta charset='UTF-8' /> 
	<meta name='description' content='' />
	<meta name='robots' content='noodp, noydir' />
	<meta name='viewport' content='width=device-width, initial-scale=1' />
	<meta id="timeStampFormat" name="timeStampFormat" content='MMM d, yyyy hh:mm:ss a'/>
	
	<link href='https://fonts.googleapis.com/css?family=Source+Sans+Pro:400,600' rel='stylesheet' type='text/css'>
	<link href="https://fonts.googleapis.com/icon?family=Material+Icons" rel="stylesheet">

		<link href='https://cdn.rawgit.com/anshooarora/extentreports-java/b4a58fcfd1e137bd9287244035a7c80d3d73b3af/dist/css/extent.css' type='text/css' rel='stylesheet' />
	
	<title>Cargurus - Cucumber Framework</title>

	<style type='text/css'>
			
            

      
        
	</style>
</head>

	<body class='extent standard default hide-overflow bdd-report'>
		<div id='theme-selector' alt='Click to toggle theme. To enable by default, use theme configuration.' title='Click to toggle theme. To enable by default, use theme configuration.'>
			<span><i class='material-icons'>desktop_windows</i></span>
		</div>

<nav>
	<div class="nav-wrapper">
		<a href="#!" class="brand-logo blue darken-3">Extent</a>

		<!-- slideout menu -->
		<ul id='slide-out' class='side-nav fixed hide-on-med-and-down'>
			<li class='waves-effect active'><a href='#!' view='test-view' onclick="configureView(0);chartsView('test');"><i class='material-icons'>dashboard</i></a></li>
						<li class='waves-effect'><a href='#!' view='category-view' onclick="configureView(1)"><i class='material-icons'>label_outline</i></a></li>
			<li class='waves-effect'><a href='#!' view='exception-view' onclick="configureView(2)"><i class='material-icons'>bug_report</i></a></li>
			<li class='waves-effect'><a href='#!' onclick="configureView(-1);chartsView('dashboard');" view='dashboard-view'><i class='material-icons'>track_changes</i></i></a></li>
		</ul>

		<!-- report name -->
		<span class='report-name'>Cucumber Report</span>
		
		<!-- report headline -->
		<span class='report-headline'></span>

		<!-- nav-right -->
		<ul id='nav-mobile' class='right hide-on-med-and-down nav-right'>
			<li>
                <a href='#!'>
                    <span class='label suite-start-time blue darken-3'>May 20, 2022 08:52:31 PM</span>
				</a>
			</li>
			<li>
                <a href='#!'>
                    <span class='label blue darken-3'>3.1.2</span>
				</a>
			</li>
		</ul>
	</div>
</nav>

		<!-- container -->
		<div class='container'>

<div id='test-view' class='view'>
				
	<section id='controls'>
		<div class='controls grey lighten-4'>
			<!-- test toggle -->
			<div class='chip transparent'>
				<a class='dropdown-button tests-toggle' data-activates='tests-toggle' data-constrainwidth='true' data-beloworigin='true' data-hover='true' href='#'>
					<i class='material-icons'>warning</i> Status
				</a>
				<ul id='tests-toggle' class='dropdown-content'>
											<li status='pass'><a href='#!'>Pass <i class='material-icons green-text'>check_circle</i></a></li>
						<li status='fail'><a href='#!'>Fail <i class='material-icons red-text'>cancel</i></a></li>
						<li status='skip'><a href='#!'>Skip <i class='material-icons cyan-text'>redo</i></a></li>
					<li class='divider'></li>
					<li status='clear' clear='true'><a href='#!'>Clear Filters <i class='material-icons'>clear</i></a></li>
				</ul>
			</div>
			<!-- test toggle -->

			<!-- category toggle -->
			<div class='chip transparent'>
				<a class='dropdown-button category-toggle' data-activates='category-toggle' data-constrainwidth='false' data-beloworigin='true' data-hover='true' href='#'>
					<i class='material-icons'>local_offer</i> Category
				</a>
				<ul id='category-toggle' class='dropdown-content'>
					<li><a href='#'>@Regression</a></li>
					<li class='divider'></li>
					<li class='clear'><a href='#!' clear='true'>Clear Filters</a></li>
				</ul>
			</div>
			<!-- category toggle -->

			<!-- clear filters -->
			<div class='chip transparent hide'>
				<a class='' id='clear-filters' alt='Clear Filters' title='Clear Filters'>
					<i class='material-icons'>close</i> Clear
				</a>
			</div>
			<!-- clear filters -->

			<!-- enable dashboard -->
			<div id='toggle-test-view-charts' class='chip transparent'>
				<a class='pink-text' id='enable-dashboard' alt='Enable Dashboard' title='Enable Dashboard'>
					<i class='material-icons'>track_changes</i> Dashboard
				</a>
			</div>
			<!-- enable dashboard -->

			<!-- search -->
			<div class='chip transparent' alt='Search Tests' title='Search Tests'>
				<a href="#" class='search-div'>
					<i class='material-icons'>search</i> Search
				</a>

				<div class='input-field left hide'>
					<input id='search-tests' type='text' class='validate browser-default' placeholder='Search Tests...'>
				</div>
				
			</div>
			<!-- search -->
		</div>
	</section>


<div id='test-view-charts' class='subview-full'>
	<div id='charts-row' class='row nm-v nm-h'>
		<div class='col s12 m4 l4 np-h'>
			<div class='card-panel nm-v'>
				<div class='left panel-name'>Features</div>
				<div class='chart-box'>
					<canvas id='parent-analysis' width='100' height='80'></canvas>
				</div>
				<div class='block text-small'>
					<span class='tooltipped' data-position='top' data-tooltip='0%'><span class='strong'>0</span> feature(s) passed</span>
				</div>
				<div class='block text-small'>
					<span class='strong tooltipped' data-position='top' data-tooltip='100%'>1</span> feature(s) failed, <span class='strong tooltipped' data-position='top' data-tooltip='0%'>0</span> others
				</div>
			</div>
		</div>
		
		<div class='col s12 m4 l4 np-h'>
			<div class='card-panel nm-v'>
				<div class='left panel-name'>Scenarios</div>
				<div class='chart-box'>
					<canvas id='child-analysis' width='100' height='80'></canvas>
				</div>
				<div class='block text-small'>
					<span class='tooltipped' data-position='top' data-tooltip='0%'><span class='strong'>0</span> scenario(s) passed</span>
				</div>
				<div class='block text-small'>
					<span class='strong tooltipped' data-position='top' data-tooltip='100%'>12</span> scenario(s) failed, <span class='strong tooltipped' data-position='top' data-tooltip='0%'>0</span> others
				</div>
			</div>
		</div>
		
		<div class='col s12 m4 l4 np-h'>
			<div class='card-panel nm-v'>
				<div class='left panel-name'>Steps</div>
				<div class='chart-box'>
					<canvas id='grandchild-analysis' width='100' height='80'></canvas>
				</div>
				<div class='block text-small'>
					<span class='tooltipped' data-position='top' data-tooltip='80.556%'><span class='strong'>87</span> step(s) passed</span>
				</div>
				<div class='block text-small'>
					<span class='strong tooltipped' data-position='top' data-tooltip='11.111%'>12</span> step(s) failed, <span class='strong tooltipped' data-position='top' data-tooltip='8.333%'>9</span> others
				</div>
			</div>
		</div>
	</div>
</div>

	<div class='subview-left left'>
		
		<div class='view-summary'>
			<h5>Features</h5>
			<ul id='test-collection' class='test-collection'>
				
				
				<li class='test displayed active has-leaf fail' status='fail' bdd='true' test-id='1'>
					<div class='test-heading'>
						<span class='test-name'>Search functionality</span>
						<span class='test-time'>May 20, 2022 08:52:31 PM</span>
						<span class='test-status right fail'>fail</span>
					</div>
					<div class='test-content hide'>
<div class='scenariooutline node' test-id='2' status='fail'>
	<span class='duration right label'>0h 3m 17s+94ms</span>
	<div class='desc'>
		<b>ScenarioOutline</b>
		<span class="desc-text">Search the buy car with model</span>
	</div>
	<ul class='steps'>
		<li test-id='3' class='node scenario fail' status='fail'>
			<div class='category-list'>
				<span class='category label white-text'>@Regression</span>
			</div>
			
			<b>Scenario</b>
			
			<span class="bdd-step-name">Search the buy car with model</span>
			
				<ul class='steps'>
					<li test-id='4' class='node when pass' status='pass'><b>When</b>
						<span class="bdd-step-name">When I mouse hover on 'buy + sell' tab</span>
							<div class='pre'>passed</div>
					</li>
					<li test-id='5' class='node when pass' status='pass'><b>When</b>
						<span class="bdd-step-name">When I click 'Search Cars' link</span>
							<div class='pre'>passed</div>
					</li>
					<li test-id='6' class='node then pass' status='pass'><b>Then</b>
						<span class="bdd-step-name">Then I navigate to 'new and used car search' page</span>
							<div class='pre'>passed</div>
					</li>
					<li test-id='7' class='node and pass' status='pass'><b>And</b>
						<span class="bdd-step-name">And I select make "Hyundai"</span>
							<div class='pre'>passed</div>
					</li>
					<li test-id='8' class='node and pass' status='pass'><b>And</b>
						<span class="bdd-step-name">And I select model "Getz"</span>
							<div class='pre'>passed</div>
					</li>
					<li test-id='9' class='node and pass' status='pass'><b>And</b>
						<span class="bdd-step-name">And I select location "NSW - Hunter"</span>
							<div class='pre'>passed</div>
					</li>
					<li test-id='10' class='node and pass' status='pass'><b>And</b>
						<span class="bdd-step-name">And I select price "$10,000"</span>
							<div class='pre'>passed</div>
					</li>
					<li test-id='11' class='node and pass' status='pass'><b>And</b>
						<span class="bdd-step-name">And I click on Find My Next Car tab</span>
							<div class='pre'>passed</div>
					</li>
					<li test-id='12' class='node then fail' status='fail'><b>Then</b>
						<span class="bdd-step-name">Then I should see the make "Hyundai" in results</span>
						<ul class='screenshots right'>
							<li><a data-featherlight="image" href="C:\Users\bindi\IdeaProjects\cargurus-cucumber-wk-15/src/main/java/au/com/carsguideSearch_the_buy_car_with_model20220520085255.png"><i class='material-icons'>panorama</i></a></li>
						</ul>
							<div class='pre'><textarea>org.junit.ComparisonFailure: Error message expected:<[Hyundai]> but was:<[3 Hyundai Getzs for Sale under $10,000 in Hunter, NSW]>
	at org.junit.Assert.assertEquals(Assert.java:115)
	at au.com.carsguide.steps.BuyAndSellCarsSearchSteps.iShouldSeeTheMakeInResults(BuyAndSellCarsSearchSteps.java:55)
	at ✽.Then I should see the make "Hyundai" in results(buy.feature:15)
</textarea></div>
					</li>
				</ul>
		</li>
		<li test-id='13' class='node scenario fail' status='fail'>
			<div class='category-list'>
				<span class='category label white-text'>@Regression</span>
			</div>
			
			<b>Scenario</b>
			
			<span class="bdd-step-name">Search the buy car with model</span>
			
				<ul class='steps'>
					<li test-id='14' class='node when pass' status='pass'><b>When</b>
						<span class="bdd-step-name">When I mouse hover on 'buy + sell' tab</span>
							<div class='pre'>passed</div>
					</li>
					<li test-id='15' class='node when pass' status='pass'><b>When</b>
						<span class="bdd-step-name">When I click 'Search Cars' link</span>
							<div class='pre'>passed</div>
					</li>
					<li test-id='16' class='node then pass' status='pass'><b>Then</b>
						<span class="bdd-step-name">Then I navigate to 'new and used car search' page</span>
							<div class='pre'>passed</div>
					</li>
					<li test-id='17' class='node and pass' status='pass'><b>And</b>
						<span class="bdd-step-name">And I select make "Nissan"</span>
							<div class='pre'>passed</div>
					</li>
					<li test-id='18' class='node and pass' status='pass'><b>And</b>
						<span class="bdd-step-name">And I select model "Altima"</span>
							<div class='pre'>passed</div>
					</li>
					<li test-id='19' class='node and pass' status='pass'><b>And</b>
						<span class="bdd-step-name">And I select location "NSW - Central Coast"</span>
							<div class='pre'>passed</div>
					</li>
					<li test-id='20' class='node and pass' status='pass'><b>And</b>
						<span class="bdd-step-name">And I select price "$15,000"</span>
							<div class='pre'>passed</div>
					</li>
					<li test-id='21' class='node and pass' status='pass'><b>And</b>
						<span class="bdd-step-name">And I click on Find My Next Car tab</span>
							<div class='pre'>passed</div>
					</li>
					<li test-id='22' class='node then fail' status='fail'><b>Then</b>
						<span class="bdd-step-name">Then I should see the make "Nissan" in results</span>
						<ul class='screenshots right'>
							<li><a data-featherlight="image" href="C:\Users\bindi\IdeaProjects\cargurus-cucumber-wk-15/src/main/java/au/com/carsguideSearch_the_buy_car_with_model20220520085354.png"><i class='material-icons'>panorama</i></a></li>
						</ul>
							<div class='pre'><pre>org.openqa.selenium.NoSuchElementException: Unable to locate element: //h1[@class='listing-search-title']
For documentation on this error, please visit: https://selenium.dev/exceptions/#no_such_element
Build info: version: '4.0.0', revision: '3a21814679'
System info: host: 'BINDI', ip: '192.168.1.84', os.name: 'Windows 10', os.arch: 'amd64', os.version: '10.0', java.version: '1.8.0_121'
Driver info: org.openqa.selenium.firefox.FirefoxDriver
Command: [66284fc2-5e01-49c8-a44a-82d561d92f90, findElement {using=xpath, value=//h1[@class='listing-search-title']}]
Capabilities {acceptInsecureCerts: true, browserName: firefox, browserVersion: 100.0, javascriptEnabled: true, moz:accessibilityChecks: false, moz:buildID: 20220428192727, moz:debuggerAddress: localhost:55261, moz:geckodriverVersion: 0.31.0, moz:headless: false, moz:processID: 12432, moz:profile: C:\Users\bindi\AppData\Loca..., moz:shutdownTimeout: 60000, moz:useNonSpecCompliantPointerOrigin: false, moz:webdriverClick: true, pageLoadStrategy: normal, platform: WINDOWS, platformName: WINDOWS, platformVersion: 10.0, proxy: Proxy(), se:cdp: ws://localhost:55261/devtoo..., se:cdpVersion: 85, setWindowRect: true, strictFileInteractability: false, timeouts: {implicit: 0, pageLoad: 300000, script: 30000}, unhandledPromptBehavior: dismiss and notify}
Session ID: 66284fc2-5e01-49c8-a44a-82d561d92f90
	at sun.reflect.NativeConstructorAccessorImpl.newInstance0(Native Method)
	at sun.reflect.NativeConstructorAccessorImpl.newInstance(NativeConstructorAccessorImpl.java:62)
	at sun.reflect.DelegatingConstructorAccessorImpl.newInstance(DelegatingConstructorAccessorImpl.java:45)
	at java.lang.reflect.Constructor.newInstance(Constructor.java:423)
	at org.openqa.selenium.remote.codec.w3c.W3CHttpResponseCodec.createException(W3CHttpResponseCodec.java:200)
	at org.openqa.selenium.remote.codec.w3c.W3CHttpResponseCodec.decode(W3CHttpResponseCodec.java:133)
	at org.openqa.selenium.remote.codec.w3c.W3CHttpResponseCodec.decode(W3CHttpResponseCodec.java:53)
	at org.openqa.selenium.remote.HttpCommandExecutor.execute(HttpCommandExecutor.java:184)
	at org.openqa.selenium.remote.service.DriverCommandExecutor.invokeExecute(DriverCommandExecutor.java:164)
	at org.openqa.selenium.remote.service.DriverCommandExecutor.execute(DriverCommandExecutor.java:139)
	at org.openqa.selenium.remote.RemoteWebDriver.execute(RemoteWebDriver.java:559)
	at org.openqa.selenium.remote.ElementLocation$ElementFinder$2.findElement(ElementLocation.java:162)
	at org.openqa.selenium.remote.ElementLocation.findElement(ElementLocation.java:60)
	at org.openqa.selenium.remote.RemoteWebDriver.findElement(RemoteWebDriver.java:383)
	at org.openqa.selenium.remote.RemoteWebDriver.findElement(RemoteWebDriver.java:375)
	at org.openqa.selenium.support.pagefactory.DefaultElementLocator.findElement(DefaultElementLocator.java:70)
	at org.openqa.selenium.support.pagefactory.internal.LocatingElementHandler.invoke(LocatingElementHandler.java:39)
	at com.sun.proxy.$Proxy21.getText(Unknown Source)
	at au.com.carsguide.utility.Utility.getTextFromElement(Utility.java:62)
	at au.com.carsguide.pages.NewAndUsedCarSearchPage.iShouldSeeTheMakeInResults(NewAndUsedCarSearchPage.java:81)
	at au.com.carsguide.steps.BuyAndSellCarsSearchSteps.iShouldSeeTheMakeInResults(BuyAndSellCarsSearchSteps.java:55)
	at ✽.Then I should see the make "Nissan" in results(buy.feature:15)
</pre></div>
					</li>
				</ul>
		</li>
		<li test-id='23' class='node scenario fail' status='fail'>
			<div class='category-list'>
				<span class='category label white-text'>@Regression</span>
			</div>
			
			<b>Scenario</b>
			
			<span class="bdd-step-name">Search the buy car with model</span>
			
				<ul class='steps'>
					<li test-id='24' class='node when pass' status='pass'><b>When</b>
						<span class="bdd-step-name">When I mouse hover on 'buy + sell' tab</span>
							<div class='pre'>passed</div>
					</li>
					<li test-id='25' class='node when pass' status='pass'><b>When</b>
						<span class="bdd-step-name">When I click 'Search Cars' link</span>
							<div class='pre'>passed</div>
					</li>
					<li test-id='26' class='node then pass' status='pass'><b>Then</b>
						<span class="bdd-step-name">Then I navigate to 'new and used car search' page</span>
							<div class='pre'>passed</div>
					</li>
					<li test-id='27' class='node and pass' status='pass'><b>And</b>
						<span class="bdd-step-name">And I select make "Volkswagen"</span>
							<div class='pre'>passed</div>
					</li>
					<li test-id='28' class='node and pass' status='pass'><b>And</b>
						<span class="bdd-step-name">And I select model "Golf"</span>
							<div class='pre'>passed</div>
					</li>
					<li test-id='29' class='node and pass' status='pass'><b>And</b>
						<span class="bdd-step-name">And I select location "NSW - Newcastle"</span>
							<div class='pre'>passed</div>
					</li>
					<li test-id='30' class='node and pass' status='pass'><b>And</b>
						<span class="bdd-step-name">And I select price "$20,000"</span>
							<div class='pre'>passed</div>
					</li>
					<li test-id='31' class='node and pass' status='pass'><b>And</b>
						<span class="bdd-step-name">And I click on Find My Next Car tab</span>
							<div class='pre'>passed</div>
					</li>
					<li test-id='32' class='node then fail' status='fail'><b>Then</b>
						<span class="bdd-step-name">Then I should see the make "Volkswagen" in results</span>
						<ul class='screenshots right'>
							<li><a data-featherlight="image" href="C:\Users\bindi\IdeaProjects\cargurus-cucumber-wk-15/src/main/java/au/com/carsguideSearch_the_buy_car_with_model20220520085413.png"><i class='material-icons'>panorama</i></a></li>
						</ul>
							<div class='pre'><textarea>org.junit.ComparisonFailure: Error message expected:<[Volkswagen]> but was:<[7 Volkswagen Golfs for Sale under $20,000 in Newcastle, NSW]>
	at org.junit.Assert.assertEquals(Assert.java:115)
	at au.com.carsguide.steps.BuyAndSellCarsSearchSteps.iShouldSeeTheMakeInResults(BuyAndSellCarsSearchSteps.java:55)
	at ✽.Then I should see the make "Volkswagen" in results(buy.feature:15)
</textarea></div>
					</li>
				</ul>
		</li>
		<li test-id='33' class='node scenario fail' status='fail'>
			<div class='category-list'>
				<span class='category label white-text'>@Regression</span>
			</div>
			
			<b>Scenario</b>
			
			<span class="bdd-step-name">Search the buy car with model</span>
			
				<ul class='steps'>
					<li test-id='34' class='node when pass' status='pass'><b>When</b>
						<span class="bdd-step-name">When I mouse hover on 'buy + sell' tab</span>
							<div class='pre'>passed</div>
					</li>
					<li test-id='35' class='node when pass' status='pass'><b>When</b>
						<span class="bdd-step-name">When I click 'Search Cars' link</span>
							<div class='pre'>passed</div>
					</li>
					<li test-id='36' class='node then pass' status='pass'><b>Then</b>
						<span class="bdd-step-name">Then I navigate to 'new and used car search' page</span>
							<div class='pre'>passed</div>
					</li>
					<li test-id='37' class='node and pass' status='pass'><b>And</b>
						<span class="bdd-step-name">And I select make "Kia"</span>
							<div class='pre'>passed</div>
					</li>
					<li test-id='38' class='node and pass' status='pass'><b>And</b>
						<span class="bdd-step-name">And I select model "Cerato"</span>
							<div class='pre'>passed</div>
					</li>
					<li test-id='39' class='node and pass' status='pass'><b>And</b>
						<span class="bdd-step-name">And I select location "NSW - New England"</span>
							<div class='pre'>passed</div>
					</li>
					<li test-id='40' class='node and pass' status='pass'><b>And</b>
						<span class="bdd-step-name">And I select price "$35,000"</span>
							<div class='pre'>passed</div>
					</li>
					<li test-id='41' class='node and pass' status='pass'><b>And</b>
						<span class="bdd-step-name">And I click on Find My Next Car tab</span>
							<div class='pre'>passed</div>
					</li>
					<li test-id='42' class='node then fail' status='fail'><b>Then</b>
						<span class="bdd-step-name">Then I should see the make "Kia" in results</span>
						<ul class='screenshots right'>
							<li><a data-featherlight="image" href="C:\Users\bindi\IdeaProjects\cargurus-cucumber-wk-15/src/main/java/au/com/carsguideSearch_the_buy_car_with_model20220520085434.png"><i class='material-icons'>panorama</i></a></li>
						</ul>
							<div class='pre'><textarea>org.junit.ComparisonFailure: Error message expected:<[Kia]> but was:<[35 Kia Ceratos for Sale under $35,000 in New England, NSW]>
	at org.junit.Assert.assertEquals(Assert.java:115)
	at au.com.carsguide.steps.BuyAndSellCarsSearchSteps.iShouldSeeTheMakeInResults(BuyAndSellCarsSearchSteps.java:55)
	at ✽.Then I should see the make "Kia" in results(buy.feature:15)
</textarea></div>
					</li>
				</ul>
		</li>
		<li test-id='43' class='node scenario fail' status='fail'>
			<div class='category-list'>
				<span class='category label white-text'>@Regression</span>
			</div>
			
			<b>Scenario</b>
			
			<span class="bdd-step-name">Search the buy car with model</span>
			
				<ul class='steps'>
					<li test-id='44' class='node when pass' status='pass'><b>When</b>
						<span class="bdd-step-name">When I mouse hover on 'buy + sell' tab</span>
							<div class='pre'>passed</div>
					</li>
					<li test-id='45' class='node when pass' status='pass'><b>When</b>
						<span class="bdd-step-name">When I click 'Search Cars' link</span>
							<div class='pre'>passed</div>
					</li>
					<li test-id='46' class='node then pass' status='pass'><b>Then</b>
						<span class="bdd-step-name">Then I navigate to 'new and used car search' page</span>
							<div class='pre'>passed</div>
					</li>
					<li test-id='47' class='node and pass' status='pass'><b>And</b>
						<span class="bdd-step-name">And I select make "Jaguar"</span>
							<div class='pre'>passed</div>
					</li>
					<li test-id='48' class='node and pass' status='pass'><b>And</b>
						<span class="bdd-step-name">And I select model "F-Pace"</span>
							<div class='pre'>passed</div>
					</li>
					<li test-id='49' class='node and fail' status='fail'><b>And</b>
						<span class="bdd-step-name">And I select location "NSW-All"</span>
							<div class='pre'><pre>org.openqa.selenium.NoSuchElementException: Cannot locate option with value: NSW-All
For documentation on this error, please visit: https://selenium.dev/exceptions/#no_such_element
Build info: version: '4.0.0', revision: '3a21814679'
System info: host: 'BINDI', ip: '192.168.1.84', os.name: 'Windows 10', os.arch: 'amd64', os.version: '10.0', java.version: '1.8.0_121'
Driver info: driver.version: unknown
	at org.openqa.selenium.support.ui.Select.findOptionsByValue(Select.java:287)
	at org.openqa.selenium.support.ui.Select.selectByValue(Select.java:190)
	at au.com.carsguide.utility.Utility.selectByValueFromDropDown(Utility.java:157)
	at au.com.carsguide.pages.NewAndUsedCarSearchPage.selectLocationFromDropDown(NewAndUsedCarSearchPage.java:60)
	at au.com.carsguide.steps.BuyAndSellCarsSearchSteps.iSelectLocation(BuyAndSellCarsSearchSteps.java:40)
	at ✽.And I select location "NSW-All"(buy.feature:12)
</pre></div>
					</li>
					<li test-id='50' class='node and skip' status='skip'><b>And</b>
						<span class="bdd-step-name">And I select price "$60,000"</span>
							<div class='pre'>skipped</div>
					</li>
					<li test-id='51' class='node and skip' status='skip'><b>And</b>
						<span class="bdd-step-name">And I click on Find My Next Car tab</span>
							<div class='pre'>skipped</div>
					</li>
					<li test-id='52' class='node then skip' status='skip'><b>Then</b>
						<span class="bdd-step-name">Then I should see the make "Jaguar" in results</span>
						<ul class='screenshots right'>
							<li><a data-featherlight="image" href="C:\Users\bindi\IdeaProjects\cargurus-cucumber-wk-15/src/main/java/au/com/carsguideSearch_the_buy_car_with_model20220520085512.png"><i class='material-icons'>panorama</i></a></li>
						</ul>
							<div class='pre'>skipped</div>
					</li>
				</ul>
		</li>
		<li test-id='53' class='node scenario fail' status='fail'>
			<div class='category-list'>
				<span class='category label white-text'>@Regression</span>
			</div>
			
			<b>Scenario</b>
			
			<span class="bdd-step-name">Search the buy car with model</span>
			
				<ul class='steps'>
					<li test-id='54' class='node when pass' status='pass'><b>When</b>
						<span class="bdd-step-name">When I mouse hover on 'buy + sell' tab</span>
							<div class='pre'>passed</div>
					</li>
					<li test-id='55' class='node when pass' status='pass'><b>When</b>
						<span class="bdd-step-name">When I click 'Search Cars' link</span>
							<div class='pre'>passed</div>
					</li>
					<li test-id='56' class='node then pass' status='pass'><b>Then</b>
						<span class="bdd-step-name">Then I navigate to 'new and used car search' page</span>
							<div class='pre'>passed</div>
					</li>
					<li test-id='57' class='node and pass' status='pass'><b>And</b>
						<span class="bdd-step-name">And I select make "Polestar"</span>
							<div class='pre'>passed</div>
					</li>
					<li test-id='58' class='node and pass' status='pass'><b>And</b>
						<span class="bdd-step-name">And I select model "2"</span>
							<div class='pre'>passed</div>
					</li>
					<li test-id='59' class='node and fail' status='fail'><b>And</b>
						<span class="bdd-step-name">And I select location "NSW-Sydney"</span>
							<div class='pre'><pre>org.openqa.selenium.NoSuchElementException: Cannot locate option with value: NSW-Sydney
For documentation on this error, please visit: https://selenium.dev/exceptions/#no_such_element
Build info: version: '4.0.0', revision: '3a21814679'
System info: host: 'BINDI', ip: '192.168.1.84', os.name: 'Windows 10', os.arch: 'amd64', os.version: '10.0', java.version: '1.8.0_121'
Driver info: driver.version: unknown
	at org.openqa.selenium.support.ui.Select.findOptionsByValue(Select.java:287)
	at org.openqa.selenium.support.ui.Select.selectByValue(Select.java:190)
	at au.com.carsguide.utility.Utility.selectByValueFromDropDown(Utility.java:157)
	at au.com.carsguide.pages.NewAndUsedCarSearchPage.selectLocationFromDropDown(NewAndUsedCarSearchPage.java:60)
	at au.com.carsguide.steps.BuyAndSellCarsSearchSteps.iSelectLocation(BuyAndSellCarsSearchSteps.java:40)
	at ✽.And I select location "NSW-Sydney"(buy.feature:12)
</pre></div>
					</li>
					<li test-id='60' class='node and skip' status='skip'><b>And</b>
						<span class="bdd-step-name">And I select price "$75,000"</span>
							<div class='pre'>skipped</div>
					</li>
					<li test-id='61' class='node and skip' status='skip'><b>And</b>
						<span class="bdd-step-name">And I click on Find My Next Car tab</span>
							<div class='pre'>skipped</div>
					</li>
					<li test-id='62' class='node then skip' status='skip'><b>Then</b>
						<span class="bdd-step-name">Then I should see the make "Polestar" in results</span>
						<ul class='screenshots right'>
							<li><a data-featherlight="image" href="C:\Users\bindi\IdeaProjects\cargurus-cucumber-wk-15/src/main/java/au/com/carsguideSearch_the_buy_car_with_model20220520085549.png"><i class='material-icons'>panorama</i></a></li>
						</ul>
							<div class='pre'>skipped</div>
					</li>
				</ul>
		</li>
	</ul>
</div>
<div class='scenariooutline node' test-id='63' status='fail'>
	<span class='duration right label'>0h 4m 54s+965ms</span>
	<div class='desc'>
		<b>ScenarioOutline</b>
		<span class="desc-text">Search the used car with model</span>
	</div>
	<ul class='steps'>
		<li test-id='64' class='node scenario fail' status='fail'>
			<div class='category-list'>
				<span class='category label white-text'>@Regression</span>
			</div>
			
			<b>Scenario</b>
			
			<span class="bdd-step-name">Search the used car with model</span>
			
				<ul class='steps'>
					<li test-id='65' class='node when pass' status='pass'><b>When</b>
						<span class="bdd-step-name">When I mouse hover on 'buy + sell' tab</span>
							<div class='pre'>passed</div>
					</li>
					<li test-id='66' class='node when pass' status='pass'><b>When</b>
						<span class="bdd-step-name">When I click 'Used link'</span>
							<div class='pre'>passed</div>
					</li>
					<li test-id='67' class='node then pass' status='pass'><b>Then</b>
						<span class="bdd-step-name">Then I navigate to 'Used Cars For Sale' page</span>
							<div class='pre'>passed</div>
					</li>
					<li test-id='68' class='node and pass' status='pass'><b>And</b>
						<span class="bdd-step-name">And I select make "Hyundai"</span>
							<div class='pre'>passed</div>
					</li>
					<li test-id='69' class='node and pass' status='pass'><b>And</b>
						<span class="bdd-step-name">And I select model "I20"</span>
							<div class='pre'>passed</div>
					</li>
					<li test-id='70' class='node and pass' status='pass'><b>And</b>
						<span class="bdd-step-name">And I select location "ACT - All"</span>
							<div class='pre'>passed</div>
					</li>
					<li test-id='71' class='node and pass' status='pass'><b>And</b>
						<span class="bdd-step-name">And I select price "$10,000"</span>
							<div class='pre'>passed</div>
					</li>
					<li test-id='72' class='node and pass' status='pass'><b>And</b>
						<span class="bdd-step-name">And I click on Find My Next Car tab</span>
							<div class='pre'>passed</div>
					</li>
					<li test-id='73' class='node then fail' status='fail'><b>Then</b>
						<span class="bdd-step-name">Then I should see the make "Hyundai" in results</span>
						<ul class='screenshots right'>
							<li><a data-featherlight="image" href="C:\Users\bindi\IdeaProjects\cargurus-cucumber-wk-15/src/main/java/au/com/carsguideSearch_the_used_car_with_model20220520085611.png"><i class='material-icons'>panorama</i></a></li>
						</ul>
							<div class='pre'><textarea>org.junit.ComparisonFailure: Error message expected:<[Hyundai]> but was:<[3 Used Hyundai I20s for Sale under $10,000 in ACT]>
	at org.junit.Assert.assertEquals(Assert.java:115)
	at au.com.carsguide.steps.BuyAndSellCarsSearchSteps.iShouldSeeTheMakeInResults(BuyAndSellCarsSearchSteps.java:55)
	at ✽.Then I should see the make "Hyundai" in results(buy.feature:36)
</textarea></div>
					</li>
				</ul>
		</li>
		<li test-id='74' class='node scenario fail' status='fail'>
			<div class='category-list'>
				<span class='category label white-text'>@Regression</span>
			</div>
			
			<b>Scenario</b>
			
			<span class="bdd-step-name">Search the used car with model</span>
			
				<ul class='steps'>
					<li test-id='75' class='node when pass' status='pass'><b>When</b>
						<span class="bdd-step-name">When I mouse hover on 'buy + sell' tab</span>
							<div class='pre'>passed</div>
					</li>
					<li test-id='76' class='node when pass' status='pass'><b>When</b>
						<span class="bdd-step-name">When I click 'Used link'</span>
							<div class='pre'>passed</div>
					</li>
					<li test-id='77' class='node then pass' status='pass'><b>Then</b>
						<span class="bdd-step-name">Then I navigate to 'Used Cars For Sale' page</span>
							<div class='pre'>passed</div>
					</li>
					<li test-id='78' class='node and pass' status='pass'><b>And</b>
						<span class="bdd-step-name">And I select make "Nissan"</span>
							<div class='pre'>passed</div>
					</li>
					<li test-id='79' class='node and pass' status='pass'><b>And</b>
						<span class="bdd-step-name">And I select model "180"</span>
							<div class='pre'>passed</div>
					</li>
					<li test-id='80' class='node and pass' status='pass'><b>And</b>
						<span class="bdd-step-name">And I select location "NSW - All"</span>
							<div class='pre'>passed</div>
					</li>
					<li test-id='81' class='node and pass' status='pass'><b>And</b>
						<span class="bdd-step-name">And I select price "$20,000"</span>
							<div class='pre'>passed</div>
					</li>
					<li test-id='82' class='node and pass' status='pass'><b>And</b>
						<span class="bdd-step-name">And I click on Find My Next Car tab</span>
							<div class='pre'>passed</div>
					</li>
					<li test-id='83' class='node then fail' status='fail'><b>Then</b>
						<span class="bdd-step-name">Then I should see the make "Nissan" in results</span>
						<ul class='screenshots right'>
							<li><a data-featherlight="image" href="C:\Users\bindi\IdeaProjects\cargurus-cucumber-wk-15/src/main/java/au/com/carsguideSearch_the_used_car_with_model20220520085712.png"><i class='material-icons'>panorama</i></a></li>
						</ul>
							<div class='pre'><pre>org.openqa.selenium.NoSuchElementException: Unable to locate element: //h1[@class='listing-search-title']
For documentation on this error, please visit: https://selenium.dev/exceptions/#no_such_element
Build info: version: '4.0.0', revision: '3a21814679'
System info: host: 'BINDI', ip: '192.168.1.84', os.name: 'Windows 10', os.arch: 'amd64', os.version: '10.0', java.version: '1.8.0_121'
Driver info: org.openqa.selenium.firefox.FirefoxDriver
Command: [5096fe61-ae43-4f2d-a505-f33c87ec587d, findElement {using=xpath, value=//h1[@class='listing-search-title']}]
Capabilities {acceptInsecureCerts: true, browserName: firefox, browserVersion: 100.0, javascriptEnabled: true, moz:accessibilityChecks: false, moz:buildID: 20220428192727, moz:debuggerAddress: localhost:52317, moz:geckodriverVersion: 0.31.0, moz:headless: false, moz:processID: 15604, moz:profile: C:\Users\bindi\AppData\Loca..., moz:shutdownTimeout: 60000, moz:useNonSpecCompliantPointerOrigin: false, moz:webdriverClick: true, pageLoadStrategy: normal, platform: WINDOWS, platformName: WINDOWS, platformVersion: 10.0, proxy: Proxy(), se:cdp: ws://localhost:52317/devtoo..., se:cdpVersion: 85, setWindowRect: true, strictFileInteractability: false, timeouts: {implicit: 0, pageLoad: 300000, script: 30000}, unhandledPromptBehavior: dismiss and notify}
Session ID: 5096fe61-ae43-4f2d-a505-f33c87ec587d
	at sun.reflect.NativeConstructorAccessorImpl.newInstance0(Native Method)
	at sun.reflect.NativeConstructorAccessorImpl.newInstance(NativeConstructorAccessorImpl.java:62)
	at sun.reflect.DelegatingConstructorAccessorImpl.newInstance(DelegatingConstructorAccessorImpl.java:45)
	at java.lang.reflect.Constructor.newInstance(Constructor.java:423)
	at org.openqa.selenium.remote.codec.w3c.W3CHttpResponseCodec.createException(W3CHttpResponseCodec.java:200)
	at org.openqa.selenium.remote.codec.w3c.W3CHttpResponseCodec.decode(W3CHttpResponseCodec.java:133)
	at org.openqa.selenium.remote.codec.w3c.W3CHttpResponseCodec.decode(W3CHttpResponseCodec.java:53)
	at org.openqa.selenium.remote.HttpCommandExecutor.execute(HttpCommandExecutor.java:184)
	at org.openqa.selenium.remote.service.DriverCommandExecutor.invokeExecute(DriverCommandExecutor.java:164)
	at org.openqa.selenium.remote.service.DriverCommandExecutor.execute(DriverCommandExecutor.java:139)
	at org.openqa.selenium.remote.RemoteWebDriver.execute(RemoteWebDriver.java:559)
	at org.openqa.selenium.remote.ElementLocation$ElementFinder$2.findElement(ElementLocation.java:162)
	at org.openqa.selenium.remote.ElementLocation.findElement(ElementLocation.java:60)
	at org.openqa.selenium.remote.RemoteWebDriver.findElement(RemoteWebDriver.java:383)
	at org.openqa.selenium.remote.RemoteWebDriver.findElement(RemoteWebDriver.java:375)
	at org.openqa.selenium.support.pagefactory.DefaultElementLocator.findElement(DefaultElementLocator.java:70)
	at org.openqa.selenium.support.pagefactory.internal.LocatingElementHandler.invoke(LocatingElementHandler.java:39)
	at com.sun.proxy.$Proxy21.getText(Unknown Source)
	at au.com.carsguide.utility.Utility.getTextFromElement(Utility.java:62)
	at au.com.carsguide.pages.NewAndUsedCarSearchPage.iShouldSeeTheMakeInResults(NewAndUsedCarSearchPage.java:81)
	at au.com.carsguide.steps.BuyAndSellCarsSearchSteps.iShouldSeeTheMakeInResults(BuyAndSellCarsSearchSteps.java:55)
	at ✽.Then I should see the make "Nissan" in results(buy.feature:36)
</pre></div>
					</li>
				</ul>
		</li>
		<li test-id='84' class='node scenario fail' status='fail'>
			<div class='category-list'>
				<span class='category label white-text'>@Regression</span>
			</div>
			
			<b>Scenario</b>
			
			<span class="bdd-step-name">Search the used car with model</span>
			
				<ul class='steps'>
					<li test-id='85' class='node when pass' status='pass'><b>When</b>
						<span class="bdd-step-name">When I mouse hover on 'buy + sell' tab</span>
							<div class='pre'>passed</div>
					</li>
					<li test-id='86' class='node when pass' status='pass'><b>When</b>
						<span class="bdd-step-name">When I click 'Used link'</span>
							<div class='pre'>passed</div>
					</li>
					<li test-id='87' class='node then pass' status='pass'><b>Then</b>
						<span class="bdd-step-name">Then I navigate to 'Used Cars For Sale' page</span>
							<div class='pre'>passed</div>
					</li>
					<li test-id='88' class='node and pass' status='pass'><b>And</b>
						<span class="bdd-step-name">And I select make "Volkswagen"</span>
							<div class='pre'>passed</div>
					</li>
					<li test-id='89' class='node and pass' status='pass'><b>And</b>
						<span class="bdd-step-name">And I select model "Up!"</span>
							<div class='pre'>passed</div>
					</li>
					<li test-id='90' class='node and pass' status='pass'><b>And</b>
						<span class="bdd-step-name">And I select location "NT - All"</span>
							<div class='pre'>passed</div>
					</li>
					<li test-id='91' class='node and pass' status='pass'><b>And</b>
						<span class="bdd-step-name">And I select price "$15,000"</span>
							<div class='pre'>passed</div>
					</li>
					<li test-id='92' class='node and pass' status='pass'><b>And</b>
						<span class="bdd-step-name">And I click on Find My Next Car tab</span>
							<div class='pre'>passed</div>
					</li>
					<li test-id='93' class='node then fail' status='fail'><b>Then</b>
						<span class="bdd-step-name">Then I should see the make "Volkswagen" in results</span>
						<ul class='screenshots right'>
							<li><a data-featherlight="image" href="C:\Users\bindi\IdeaProjects\cargurus-cucumber-wk-15/src/main/java/au/com/carsguideSearch_the_used_car_with_model20220520085816.png"><i class='material-icons'>panorama</i></a></li>
						</ul>
							<div class='pre'><pre>org.openqa.selenium.NoSuchElementException: Unable to locate element: //h1[@class='listing-search-title']
For documentation on this error, please visit: https://selenium.dev/exceptions/#no_such_element
Build info: version: '4.0.0', revision: '3a21814679'
System info: host: 'BINDI', ip: '192.168.1.84', os.name: 'Windows 10', os.arch: 'amd64', os.version: '10.0', java.version: '1.8.0_121'
Driver info: org.openqa.selenium.firefox.FirefoxDriver
Command: [5c592d21-d55f-4ab4-8cd8-da8f17809e0f, findElement {using=xpath, value=//h1[@class='listing-search-title']}]
Capabilities {acceptInsecureCerts: true, browserName: firefox, browserVersion: 100.0, javascriptEnabled: true, moz:accessibilityChecks: false, moz:buildID: 20220428192727, moz:debuggerAddress: localhost:52763, moz:geckodriverVersion: 0.31.0, moz:headless: false, moz:processID: 13240, moz:profile: C:\Users\bindi\AppData\Loca..., moz:shutdownTimeout: 60000, moz:useNonSpecCompliantPointerOrigin: false, moz:webdriverClick: true, pageLoadStrategy: normal, platform: WINDOWS, platformName: WINDOWS, platformVersion: 10.0, proxy: Proxy(), se:cdp: ws://localhost:52763/devtoo..., se:cdpVersion: 85, setWindowRect: true, strictFileInteractability: false, timeouts: {implicit: 0, pageLoad: 300000, script: 30000}, unhandledPromptBehavior: dismiss and notify}
Session ID: 5c592d21-d55f-4ab4-8cd8-da8f17809e0f
	at sun.reflect.NativeConstructorAccessorImpl.newInstance0(Native Method)
	at sun.reflect.NativeConstructorAccessorImpl.newInstance(NativeConstructorAccessorImpl.java:62)
	at sun.reflect.DelegatingConstructorAccessorImpl.newInstance(DelegatingConstructorAccessorImpl.java:45)
	at java.lang.reflect.Constructor.newInstance(Constructor.java:423)
	at org.openqa.selenium.remote.codec.w3c.W3CHttpResponseCodec.createException(W3CHttpResponseCodec.java:200)
	at org.openqa.selenium.remote.codec.w3c.W3CHttpResponseCodec.decode(W3CHttpResponseCodec.java:133)
	at org.openqa.selenium.remote.codec.w3c.W3CHttpResponseCodec.decode(W3CHttpResponseCodec.java:53)
	at org.openqa.selenium.remote.HttpCommandExecutor.execute(HttpCommandExecutor.java:184)
	at org.openqa.selenium.remote.service.DriverCommandExecutor.invokeExecute(DriverCommandExecutor.java:164)
	at org.openqa.selenium.remote.service.DriverCommandExecutor.execute(DriverCommandExecutor.java:139)
	at org.openqa.selenium.remote.RemoteWebDriver.execute(RemoteWebDriver.java:559)
	at org.openqa.selenium.remote.ElementLocation$ElementFinder$2.findElement(ElementLocation.java:162)
	at org.openqa.selenium.remote.ElementLocation.findElement(ElementLocation.java:60)
	at org.openqa.selenium.remote.RemoteWebDriver.findElement(RemoteWebDriver.java:383)
	at org.openqa.selenium.remote.RemoteWebDriver.findElement(RemoteWebDriver.java:375)
	at org.openqa.selenium.support.pagefactory.DefaultElementLocator.findElement(DefaultElementLocator.java:70)
	at org.openqa.selenium.support.pagefactory.internal.LocatingElementHandler.invoke(LocatingElementHandler.java:39)
	at com.sun.proxy.$Proxy21.getText(Unknown Source)
	at au.com.carsguide.utility.Utility.getTextFromElement(Utility.java:62)
	at au.com.carsguide.pages.NewAndUsedCarSearchPage.iShouldSeeTheMakeInResults(NewAndUsedCarSearchPage.java:81)
	at au.com.carsguide.steps.BuyAndSellCarsSearchSteps.iShouldSeeTheMakeInResults(BuyAndSellCarsSearchSteps.java:55)
	at ✽.Then I should see the make "Volkswagen" in results(buy.feature:36)
</pre></div>
					</li>
				</ul>
		</li>
		<li test-id='94' class='node scenario fail' status='fail'>
			<div class='category-list'>
				<span class='category label white-text'>@Regression</span>
			</div>
			
			<b>Scenario</b>
			
			<span class="bdd-step-name">Search the used car with model</span>
			
				<ul class='steps'>
					<li test-id='95' class='node when pass' status='pass'><b>When</b>
						<span class="bdd-step-name">When I mouse hover on 'buy + sell' tab</span>
							<div class='pre'>passed</div>
					</li>
					<li test-id='96' class='node when pass' status='pass'><b>When</b>
						<span class="bdd-step-name">When I click 'Used link'</span>
							<div class='pre'>passed</div>
					</li>
					<li test-id='97' class='node then pass' status='pass'><b>Then</b>
						<span class="bdd-step-name">Then I navigate to 'Used Cars For Sale' page</span>
							<div class='pre'>passed</div>
					</li>
					<li test-id='98' class='node and pass' status='pass'><b>And</b>
						<span class="bdd-step-name">And I select make "Kia"</span>
							<div class='pre'>passed</div>
					</li>
					<li test-id='99' class='node and pass' status='pass'><b>And</b>
						<span class="bdd-step-name">And I select model "EV6"</span>
							<div class='pre'>passed</div>
					</li>
					<li test-id='100' class='node and pass' status='pass'><b>And</b>
						<span class="bdd-step-name">And I select location "NSW - Central Coast"</span>
							<div class='pre'>passed</div>
					</li>
					<li test-id='101' class='node and pass' status='pass'><b>And</b>
						<span class="bdd-step-name">And I select price "$70,000"</span>
							<div class='pre'>passed</div>
					</li>
					<li test-id='102' class='node and pass' status='pass'><b>And</b>
						<span class="bdd-step-name">And I click on Find My Next Car tab</span>
							<div class='pre'>passed</div>
					</li>
					<li test-id='103' class='node then fail' status='fail'><b>Then</b>
						<span class="bdd-step-name">Then I should see the make "Kia" in results</span>
						<ul class='screenshots right'>
							<li><a data-featherlight="image" href="C:\Users\bindi\IdeaProjects\cargurus-cucumber-wk-15/src/main/java/au/com/carsguideSearch_the_used_car_with_model20220520085921.png"><i class='material-icons'>panorama</i></a></li>
						</ul>
							<div class='pre'><pre>org.openqa.selenium.NoSuchElementException: Unable to locate element: //h1[@class='listing-search-title']
For documentation on this error, please visit: https://selenium.dev/exceptions/#no_such_element
Build info: version: '4.0.0', revision: '3a21814679'
System info: host: 'BINDI', ip: '192.168.1.84', os.name: 'Windows 10', os.arch: 'amd64', os.version: '10.0', java.version: '1.8.0_121'
Driver info: org.openqa.selenium.firefox.FirefoxDriver
Command: [5c847001-fb96-4b65-9f5e-8e1c17a7fc06, findElement {using=xpath, value=//h1[@class='listing-search-title']}]
Capabilities {acceptInsecureCerts: true, browserName: firefox, browserVersion: 100.0, javascriptEnabled: true, moz:accessibilityChecks: false, moz:buildID: 20220428192727, moz:debuggerAddress: localhost:53035, moz:geckodriverVersion: 0.31.0, moz:headless: false, moz:processID: 1748, moz:profile: C:\Users\bindi\AppData\Loca..., moz:shutdownTimeout: 60000, moz:useNonSpecCompliantPointerOrigin: false, moz:webdriverClick: true, pageLoadStrategy: normal, platform: WINDOWS, platformName: WINDOWS, platformVersion: 10.0, proxy: Proxy(), se:cdp: ws://localhost:53035/devtoo..., se:cdpVersion: 85, setWindowRect: true, strictFileInteractability: false, timeouts: {implicit: 0, pageLoad: 300000, script: 30000}, unhandledPromptBehavior: dismiss and notify}
Session ID: 5c847001-fb96-4b65-9f5e-8e1c17a7fc06
	at sun.reflect.NativeConstructorAccessorImpl.newInstance0(Native Method)
	at sun.reflect.NativeConstructorAccessorImpl.newInstance(NativeConstructorAccessorImpl.java:62)
	at sun.reflect.DelegatingConstructorAccessorImpl.newInstance(DelegatingConstructorAccessorImpl.java:45)
	at java.lang.reflect.Constructor.newInstance(Constructor.java:423)
	at org.openqa.selenium.remote.codec.w3c.W3CHttpResponseCodec.createException(W3CHttpResponseCodec.java:200)
	at org.openqa.selenium.remote.codec.w3c.W3CHttpResponseCodec.decode(W3CHttpResponseCodec.java:133)
	at org.openqa.selenium.remote.codec.w3c.W3CHttpResponseCodec.decode(W3CHttpResponseCodec.java:53)
	at org.openqa.selenium.remote.HttpCommandExecutor.execute(HttpCommandExecutor.java:184)
	at org.openqa.selenium.remote.service.DriverCommandExecutor.invokeExecute(DriverCommandExecutor.java:164)
	at org.openqa.selenium.remote.service.DriverCommandExecutor.execute(DriverCommandExecutor.java:139)
	at org.openqa.selenium.remote.RemoteWebDriver.execute(RemoteWebDriver.java:559)
	at org.openqa.selenium.remote.ElementLocation$ElementFinder$2.findElement(ElementLocation.java:162)
	at org.openqa.selenium.remote.ElementLocation.findElement(ElementLocation.java:60)
	at org.openqa.selenium.remote.RemoteWebDriver.findElement(RemoteWebDriver.java:383)
	at org.openqa.selenium.remote.RemoteWebDriver.findElement(RemoteWebDriver.java:375)
	at org.openqa.selenium.support.pagefactory.DefaultElementLocator.findElement(DefaultElementLocator.java:70)
	at org.openqa.selenium.support.pagefactory.internal.LocatingElementHandler.invoke(LocatingElementHandler.java:39)
	at com.sun.proxy.$Proxy21.getText(Unknown Source)
	at au.com.carsguide.utility.Utility.getTextFromElement(Utility.java:62)
	at au.com.carsguide.pages.NewAndUsedCarSearchPage.iShouldSeeTheMakeInResults(NewAndUsedCarSearchPage.java:81)
	at au.com.carsguide.steps.BuyAndSellCarsSearchSteps.iShouldSeeTheMakeInResults(BuyAndSellCarsSearchSteps.java:55)
	at ✽.Then I should see the make "Kia" in results(buy.feature:36)
</pre></div>
					</li>
				</ul>
		</li>
		<li test-id='104' class='node scenario fail' status='fail'>
			<div class='category-list'>
				<span class='category label white-text'>@Regression</span>
			</div>
			
			<b>Scenario</b>
			
			<span class="bdd-step-name">Search the used car with model</span>
			
				<ul class='steps'>
					<li test-id='105' class='node when pass' status='pass'><b>When</b>
						<span class="bdd-step-name">When I mouse hover on 'buy + sell' tab</span>
							<div class='pre'>passed</div>
					</li>
					<li test-id='106' class='node when pass' status='pass'><b>When</b>
						<span class="bdd-step-name">When I click 'Used link'</span>
							<div class='pre'>passed</div>
					</li>
					<li test-id='107' class='node then pass' status='pass'><b>Then</b>
						<span class="bdd-step-name">Then I navigate to 'Used Cars For Sale' page</span>
							<div class='pre'>passed</div>
					</li>
					<li test-id='108' class='node and pass' status='pass'><b>And</b>
						<span class="bdd-step-name">And I select make "MG"</span>
							<div class='pre'>passed</div>
					</li>
					<li test-id='109' class='node and pass' status='pass'><b>And</b>
						<span class="bdd-step-name">And I select model "1100"</span>
							<div class='pre'>passed</div>
					</li>
					<li test-id='110' class='node and pass' status='pass'><b>And</b>
						<span class="bdd-step-name">And I select location "NSW - Far West"</span>
							<div class='pre'>passed</div>
					</li>
					<li test-id='111' class='node and pass' status='pass'><b>And</b>
						<span class="bdd-step-name">And I select price "$15,000"</span>
							<div class='pre'>passed</div>
					</li>
					<li test-id='112' class='node and pass' status='pass'><b>And</b>
						<span class="bdd-step-name">And I click on Find My Next Car tab</span>
							<div class='pre'>passed</div>
					</li>
					<li test-id='113' class='node then fail' status='fail'><b>Then</b>
						<span class="bdd-step-name">Then I should see the make "MG" in results</span>
						<ul class='screenshots right'>
							<li><a data-featherlight="image" href="C:\Users\bindi\IdeaProjects\cargurus-cucumber-wk-15/src/main/java/au/com/carsguideSearch_the_used_car_with_model20220520090022.png"><i class='material-icons'>panorama</i></a></li>
						</ul>
							<div class='pre'><pre>org.openqa.selenium.NoSuchElementException: Unable to locate element: //h1[@class='listing-search-title']
For documentation on this error, please visit: https://selenium.dev/exceptions/#no_such_element
Build info: version: '4.0.0', revision: '3a21814679'
System info: host: 'BINDI', ip: '192.168.1.84', os.name: 'Windows 10', os.arch: 'amd64', os.version: '10.0', java.version: '1.8.0_121'
Driver info: org.openqa.selenium.firefox.FirefoxDriver
Command: [456c4c4f-abc4-49ed-9d69-2e7e9023097a, findElement {using=xpath, value=//h1[@class='listing-search-title']}]
Capabilities {acceptInsecureCerts: true, browserName: firefox, browserVersion: 100.0, javascriptEnabled: true, moz:accessibilityChecks: false, moz:buildID: 20220428192727, moz:debuggerAddress: localhost:53041, moz:geckodriverVersion: 0.31.0, moz:headless: false, moz:processID: 7632, moz:profile: C:\Users\bindi\AppData\Loca..., moz:shutdownTimeout: 60000, moz:useNonSpecCompliantPointerOrigin: false, moz:webdriverClick: true, pageLoadStrategy: normal, platform: WINDOWS, platformName: WINDOWS, platformVersion: 10.0, proxy: Proxy(), se:cdp: ws://localhost:53041/devtoo..., se:cdpVersion: 85, setWindowRect: true, strictFileInteractability: false, timeouts: {implicit: 0, pageLoad: 300000, script: 30000}, unhandledPromptBehavior: dismiss and notify}
Session ID: 456c4c4f-abc4-49ed-9d69-2e7e9023097a
	at sun.reflect.NativeConstructorAccessorImpl.newInstance0(Native Method)
	at sun.reflect.NativeConstructorAccessorImpl.newInstance(NativeConstructorAccessorImpl.java:62)
	at sun.reflect.DelegatingConstructorAccessorImpl.newInstance(DelegatingConstructorAccessorImpl.java:45)
	at java.lang.reflect.Constructor.newInstance(Constructor.java:423)
	at org.openqa.selenium.remote.codec.w3c.W3CHttpResponseCodec.createException(W3CHttpResponseCodec.java:200)
	at org.openqa.selenium.remote.codec.w3c.W3CHttpResponseCodec.decode(W3CHttpResponseCodec.java:133)
	at org.openqa.selenium.remote.codec.w3c.W3CHttpResponseCodec.decode(W3CHttpResponseCodec.java:53)
	at org.openqa.selenium.remote.HttpCommandExecutor.execute(HttpCommandExecutor.java:184)
	at org.openqa.selenium.remote.service.DriverCommandExecutor.invokeExecute(DriverCommandExecutor.java:164)
	at org.openqa.selenium.remote.service.DriverCommandExecutor.execute(DriverCommandExecutor.java:139)
	at org.openqa.selenium.remote.RemoteWebDriver.execute(RemoteWebDriver.java:559)
	at org.openqa.selenium.remote.ElementLocation$ElementFinder$2.findElement(ElementLocation.java:162)
	at org.openqa.selenium.remote.ElementLocation.findElement(ElementLocation.java:60)
	at org.openqa.selenium.remote.RemoteWebDriver.findElement(RemoteWebDriver.java:383)
	at org.openqa.selenium.remote.RemoteWebDriver.findElement(RemoteWebDriver.java:375)
	at org.openqa.selenium.support.pagefactory.DefaultElementLocator.findElement(DefaultElementLocator.java:70)
	at org.openqa.selenium.support.pagefactory.internal.LocatingElementHandler.invoke(LocatingElementHandler.java:39)
	at com.sun.proxy.$Proxy21.getText(Unknown Source)
	at au.com.carsguide.utility.Utility.getTextFromElement(Utility.java:62)
	at au.com.carsguide.pages.NewAndUsedCarSearchPage.iShouldSeeTheMakeInResults(NewAndUsedCarSearchPage.java:81)
	at au.com.carsguide.steps.BuyAndSellCarsSearchSteps.iShouldSeeTheMakeInResults(BuyAndSellCarsSearchSteps.java:55)
	at ✽.Then I should see the make "MG" in results(buy.feature:36)
</pre></div>
					</li>
				</ul>
		</li>
		<li test-id='114' class='node scenario fail' status='fail'>
			<div class='category-list'>
				<span class='category label white-text'>@Regression</span>
			</div>
			
			<b>Scenario</b>
			
			<span class="bdd-step-name">Search the used car with model</span>
			
				<ul class='steps'>
					<li test-id='115' class='node when pass' status='pass'><b>When</b>
						<span class="bdd-step-name">When I mouse hover on 'buy + sell' tab</span>
							<div class='pre'>passed</div>
					</li>
					<li test-id='116' class='node when pass' status='pass'><b>When</b>
						<span class="bdd-step-name">When I click 'Used link'</span>
							<div class='pre'>passed</div>
					</li>
					<li test-id='117' class='node then pass' status='pass'><b>Then</b>
						<span class="bdd-step-name">Then I navigate to 'Used Cars For Sale' page</span>
							<div class='pre'>passed</div>
					</li>
					<li test-id='118' class='node and pass' status='pass'><b>And</b>
						<span class="bdd-step-name">And I select make "Genesis"</span>
							<div class='pre'>passed</div>
					</li>
					<li test-id='119' class='node and pass' status='pass'><b>And</b>
						<span class="bdd-step-name">And I select model "GV80"</span>
							<div class='pre'>passed</div>
					</li>
					<li test-id='120' class='node and fail' status='fail'><b>And</b>
						<span class="bdd-step-name">And I select location "WA - Perth"</span>
							<div class='pre'><textarea>org.openqa.selenium.WebDriverException: Failed to decode response from marionette
Build info: version: '4.0.0', revision: '3a21814679'
System info: host: 'BINDI', ip: '192.168.1.84', os.name: 'Windows 10', os.arch: 'amd64', os.version: '10.0', java.version: '1.8.0_121'
Driver info: org.openqa.selenium.firefox.FirefoxDriver
Command: [21505636-f5d4-4239-a746-3ea6a066bb18, findElement {using=id, value=locations}]
Capabilities {acceptInsecureCerts: true, browserName: firefox, browserVersion: 100.0, javascriptEnabled: true, moz:accessibilityChecks: false, moz:buildID: 20220428192727, moz:debuggerAddress: localhost:60660, moz:geckodriverVersion: 0.31.0, moz:headless: false, moz:processID: 10212, moz:profile: C:\Users\bindi\AppData\Loca..., moz:shutdownTimeout: 60000, moz:useNonSpecCompliantPointerOrigin: false, moz:webdriverClick: true, pageLoadStrategy: normal, platform: WINDOWS, platformName: WINDOWS, platformVersion: 10.0, proxy: Proxy(), se:cdp: ws://localhost:60660/devtoo..., se:cdpVersion: 85, setWindowRect: true, strictFileInteractability: false, timeouts: {implicit: 0, pageLoad: 300000, script: 30000}, unhandledPromptBehavior: dismiss and notify}
Session ID: 21505636-f5d4-4239-a746-3ea6a066bb18
	at sun.reflect.NativeConstructorAccessorImpl.newInstance0(Native Method)
	at sun.reflect.NativeConstructorAccessorImpl.newInstance(NativeConstructorAccessorImpl.java:62)
	at sun.reflect.DelegatingConstructorAccessorImpl.newInstance(DelegatingConstructorAccessorImpl.java:45)
	at java.lang.reflect.Constructor.newInstance(Constructor.java:423)
	at org.openqa.selenium.remote.codec.w3c.W3CHttpResponseCodec.createException(W3CHttpResponseCodec.java:200)
	at org.openqa.selenium.remote.codec.w3c.W3CHttpResponseCodec.decode(W3CHttpResponseCodec.java:133)
	at org.openqa.selenium.remote.codec.w3c.W3CHttpResponseCodec.decode(W3CHttpResponseCodec.java:53)
	at org.openqa.selenium.remote.HttpCommandExecutor.execute(HttpCommandExecutor.java:184)
	at org.openqa.selenium.remote.service.DriverCommandExecutor.invokeExecute(DriverCommandExecutor.java:164)
	at org.openqa.selenium.remote.service.DriverCommandExecutor.execute(DriverCommandExecutor.java:139)
	at org.openqa.selenium.remote.RemoteWebDriver.execute(RemoteWebDriver.java:559)
	at org.openqa.selenium.remote.ElementLocation$ElementFinder$2.findElement(ElementLocation.java:162)
	at org.openqa.selenium.remote.ElementLocation.findElement(ElementLocation.java:60)
	at org.openqa.selenium.remote.RemoteWebDriver.findElement(RemoteWebDriver.java:383)
	at org.openqa.selenium.remote.RemoteWebDriver.findElement(RemoteWebDriver.java:375)
	at org.openqa.selenium.support.pagefactory.DefaultElementLocator.findElement(DefaultElementLocator.java:70)
	at org.openqa.selenium.support.pagefactory.internal.LocatingElementHandler.invoke(LocatingElementHandler.java:39)
	at com.sun.proxy.$Proxy21.getTagName(Unknown Source)
	at org.openqa.selenium.support.ui.Select.<init>(Select.java:46)
	at au.com.carsguide.utility.Utility.selectByValueFromDropDown(Utility.java:157)
	at au.com.carsguide.pages.NewAndUsedCarSearchPage.selectLocationFromDropDown(NewAndUsedCarSearchPage.java:60)
	at au.com.carsguide.steps.BuyAndSellCarsSearchSteps.iSelectLocation(BuyAndSellCarsSearchSteps.java:40)
	at ✽.And I select location "WA - Perth"(buy.feature:33)
</textarea></div>
					</li>
					<li test-id='121' class='node and skip' status='skip'><b>And</b>
						<span class="bdd-step-name">And I select price "$100,000"</span>
							<div class='pre'>skipped</div>
					</li>
					<li test-id='122' class='node and skip' status='skip'><b>And</b>
						<span class="bdd-step-name">And I click on Find My Next Car tab</span>
							<div class='pre'>skipped</div>
					</li>
					<li test-id='123' class='node then skip' status='skip'><b>Then</b>
						<span class="bdd-step-name">Then I should see the make "Genesis" in results</span>
							<div class='pre'>skipped</div>
					</li>
				</ul>
		</li>
	</ul>
</div>
					</div>
				</li>
			</ul>
		</div>
	</div>
	<!-- subview left -->

	<div class='subview-right left'>
		<div class='view-summary'>
			<h5 class='test-name'></h5>

			<div id='step-filters' class="right">
				<span class="blue-text" status="info" alt="info" title="info"><i class="material-icons">info_outline</i></span>
				<span class="green-text" status="pass" alt="pass" title="pass"><i class="material-icons">check_circle</i></span>
				<span class="red-text" status="fail" alt="fail" title="fail"><i class="material-icons">cancel</i></span>
				<span class="red-text text-darken-4" status="fatal" alt="fatal" title="fatal"><i class="material-icons">cancel</i></span>
				<span class="pink-text text-lighten-1" status="error" alt="error" title="error"><i class="material-icons">error</i></span>
				<span class="orange-text" alt="warning" status="warning" title="warning"><i class="material-icons">warning</i></span>
				<span class="teal-text" status="skip" alt="skip" title="skip"><i class="material-icons">redo</i></span>
				<span status="clear" alt="Clear filters" title="Clear filters"><i class="material-icons">clear</i></span>
			</div>
		</div>
	</div>
	<!-- subview right -->

</div>
<!-- test view -->
<div id='category-view' class='view hide'>

	<section id='controls'>
		<div class='controls grey lighten-4'>
			<!-- search -->
			<div class='chip transparent' alt='Search Tests' title='Search Tests'>
				<a href="#" class='search-div'>
					<i class='material-icons'>search</i> Search
				</a>
				
				<div class='input-field left hide'>
					<input id='search-tests' type='text' class='validate browser-default' placeholder='Search Tests...'>
				</div>
				
			</div>
			<!-- search -->
		</div>
	</section>

	<div class='subview-left left'>
		
		<div class='view-summary'>
			<h5>Categories</h3>
			<ul id='category-collection' class='category-collection'>
				
				<li class='category displayed active'>
					<div class='category-heading'>
						<span class='category-name'>@Regression</span>
						<span class='category-status right'>
							<span class='label fail'>12</span>
						</span>
					</div>
					<div class='category-content hide'>
						<div class='category-status-counts'>
							
							<span class='label red lighten-1 white-text'>Failed: 12</span>
							
						</div>
					
						<div class='category-tests'>
							<table class='bordered table-results'>
								<thead>
									<tr>
										<th>Timestamp</th>
										<th>TestName</th>
										<th>Status</th>
									</tr>
								</thead>
								<tbody>
									<tr>
										<td>May 20, 2022 08:52:31 PM</td>
										<td class='linked' test-id='3'>Search functionality.Search the buy car with model.Search the buy car with model</td>
										<td><span class='test-status fail'>fail</span></td>
									</tr>
									<tr>
										<td>May 20, 2022 08:52:58 PM</td>
										<td class='linked' test-id='13'>Search functionality.Search the buy car with model.Search the buy car with model</td>
										<td><span class='test-status fail'>fail</span></td>
									</tr>
									<tr>
										<td>May 20, 2022 08:53:58 PM</td>
										<td class='linked' test-id='23'>Search functionality.Search the buy car with model.Search the buy car with model</td>
										<td><span class='test-status fail'>fail</span></td>
									</tr>
									<tr>
										<td>May 20, 2022 08:54:17 PM</td>
										<td class='linked' test-id='33'>Search functionality.Search the buy car with model.Search the buy car with model</td>
										<td><span class='test-status fail'>fail</span></td>
									</tr>
									<tr>
										<td>May 20, 2022 08:54:37 PM</td>
										<td class='linked' test-id='43'>Search functionality.Search the buy car with model.Search the buy car with model</td>
										<td><span class='test-status fail'>fail</span></td>
									</tr>
									<tr>
										<td>May 20, 2022 08:55:15 PM</td>
										<td class='linked' test-id='53'>Search functionality.Search the buy car with model.Search the buy car with model</td>
										<td><span class='test-status fail'>fail</span></td>
									</tr>
									<tr>
										<td>May 20, 2022 08:55:51 PM</td>
										<td class='linked' test-id='64'>Search functionality.Search the used car with model.Search the used car with model</td>
										<td><span class='test-status fail'>fail</span></td>
									</tr>
									<tr>
										<td>May 20, 2022 08:56:14 PM</td>
										<td class='linked' test-id='74'>Search functionality.Search the used car with model.Search the used car with model</td>
										<td><span class='test-status fail'>fail</span></td>
									</tr>
									<tr>
										<td>May 20, 2022 08:57:15 PM</td>
										<td class='linked' test-id='84'>Search functionality.Search the used car with model.Search the used car with model</td>
										<td><span class='test-status fail'>fail</span></td>
									</tr>
									<tr>
										<td>May 20, 2022 08:58:20 PM</td>
										<td class='linked' test-id='94'>Search functionality.Search the used car with model.Search the used car with model</td>
										<td><span class='test-status fail'>fail</span></td>
									</tr>
									<tr>
										<td>May 20, 2022 08:59:24 PM</td>
										<td class='linked' test-id='104'>Search functionality.Search the used car with model.Search the used car with model</td>
										<td><span class='test-status fail'>fail</span></td>
									</tr>
									<tr>
										<td>May 20, 2022 09:00:25 PM</td>
										<td class='linked' test-id='114'>Search functionality.Search the used car with model.Search the used car with model</td>
										<td><span class='test-status fail'>fail</span></td>
									</tr>
								</tbody>
							</table>
						</div>
					</div>
				</li>

			</ul>
		</div>
	</div>

	<div class='subview-right left'>
		<div class='view-summary'>
			<h5 class='category-name'></h5>
		</div>
	</div>
</div>
<!-- category view -->
<div id='exception-view' class='view hide'>

    <section id='controls'>
        <div class='controls grey lighten-4'>
            <!-- search -->
            <div class='chip transparent' alt='Search Tests' title='Search Tests'>
                <a href="#" class='search-div'>
                    <i class='material-icons'>search</i> Search
                </a>

                <div class='input-field left hide'>
                    <input id='search-tests' type='text' class='validate browser-default' placeholder='Search Tests...'>
                </div>

            </div>
            <!-- search -->
        </div>
    </section>

    <div class='subview-left left'>

        <div class='view-summary'>
            <h5>Exceptions</h3>
                <ul id='exception-collection' class='exception-collection'>

                        <li class='exception displayed active'>
                            <div class='exception-heading'>
                                <span class='exception-name'>org.junit.ComparisonFailure</span>
                                <span class='exception-count right'><span class='label red lighten-1 white-text'>4</span></span>
                            </div>
                            <div class='exception-content hide'>
                                <div class='exception-tests'>
                                    <table class='bordered table-results'>
                                        <thead>
                                        <tr>
                                            <th>Timestamp</th>
                                            <th>TestName</th>
                                            <th>Status</th>
                                        </tr>
                                        </thead>
                                        <tbody>
                                                    <tr>
                                                        <td>May 20, 2022 08:52:54 PM</td>
                                                        <td class='linked' test-id='12'>Search functionality.Search the buy car with model.Search the buy car with model.Then I should see the make "Hyundai" in results</td>
                                                        <td><pre><textarea>org.junit.ComparisonFailure: Error message expected:<[Hyundai]> but was:<[3 Hyundai Getzs for Sale under $10,000 in Hunter, NSW]>
	at org.junit.Assert.assertEquals(Assert.java:115)
	at au.com.carsguide.steps.BuyAndSellCarsSearchSteps.iShouldSeeTheMakeInResults(BuyAndSellCarsSearchSteps.java:55)
	at ✽.Then I should see the make "Hyundai" in results(buy.feature:15)
</textarea></pre></td>
                                                    </tr>
                                                    <tr>
                                                        <td>May 20, 2022 08:54:13 PM</td>
                                                        <td class='linked' test-id='32'>Search functionality.Search the buy car with model.Search the buy car with model.Then I should see the make "Volkswagen" in results</td>
                                                        <td><pre><textarea>org.junit.ComparisonFailure: Error message expected:<[Volkswagen]> but was:<[7 Volkswagen Golfs for Sale under $20,000 in Newcastle, NSW]>
	at org.junit.Assert.assertEquals(Assert.java:115)
	at au.com.carsguide.steps.BuyAndSellCarsSearchSteps.iShouldSeeTheMakeInResults(BuyAndSellCarsSearchSteps.java:55)
	at ✽.Then I should see the make "Volkswagen" in results(buy.feature:15)
</textarea></pre></td>
                                                    </tr>
                                                    <tr>
                                                        <td>May 20, 2022 08:54:33 PM</td>
                                                        <td class='linked' test-id='42'>Search functionality.Search the buy car with model.Search the buy car with model.Then I should see the make "Kia" in results</td>
                                                        <td><pre><textarea>org.junit.ComparisonFailure: Error message expected:<[Kia]> but was:<[35 Kia Ceratos for Sale under $35,000 in New England, NSW]>
	at org.junit.Assert.assertEquals(Assert.java:115)
	at au.com.carsguide.steps.BuyAndSellCarsSearchSteps.iShouldSeeTheMakeInResults(BuyAndSellCarsSearchSteps.java:55)
	at ✽.Then I should see the make "Kia" in results(buy.feature:15)
</textarea></pre></td>
                                                    </tr>
                                                    <tr>
                                                        <td>May 20, 2022 08:56:11 PM</td>
                                                        <td class='linked' test-id='73'>Search functionality.Search the used car with model.Search the used car with model.Then I should see the make "Hyundai" in results</td>
                                                        <td><pre><textarea>org.junit.ComparisonFailure: Error message expected:<[Hyundai]> but was:<[3 Used Hyundai I20s for Sale under $10,000 in ACT]>
	at org.junit.Assert.assertEquals(Assert.java:115)
	at au.com.carsguide.steps.BuyAndSellCarsSearchSteps.iShouldSeeTheMakeInResults(BuyAndSellCarsSearchSteps.java:55)
	at ✽.Then I should see the make "Hyundai" in results(buy.feature:36)
</textarea></pre></td>
                                                    </tr>
                                        </tbody>
                                    </table>
                                </div>
                            </div>
                        </li>
                        <li class='exception displayed active'>
                            <div class='exception-heading'>
                                <span class='exception-name'>org.openqa.selenium.NoSuchElementException</span>
                                <span class='exception-count right'><span class='label red lighten-1 white-text'>7</span></span>
                            </div>
                            <div class='exception-content hide'>
                                <div class='exception-tests'>
                                    <table class='bordered table-results'>
                                        <thead>
                                        <tr>
                                            <th>Timestamp</th>
                                            <th>TestName</th>
                                            <th>Status</th>
                                        </tr>
                                        </thead>
                                        <tbody>
                                                    <tr>
                                                        <td>May 20, 2022 08:53:14 PM</td>
                                                        <td class='linked' test-id='22'>Search functionality.Search the buy car with model.Search the buy car with model.Then I should see the make "Nissan" in results</td>
                                                        <td><pre><pre>org.openqa.selenium.NoSuchElementException: Unable to locate element: //h1[@class='listing-search-title']
For documentation on this error, please visit: https://selenium.dev/exceptions/#no_such_element
Build info: version: '4.0.0', revision: '3a21814679'
System info: host: 'BINDI', ip: '192.168.1.84', os.name: 'Windows 10', os.arch: 'amd64', os.version: '10.0', java.version: '1.8.0_121'
Driver info: org.openqa.selenium.firefox.FirefoxDriver
Command: [66284fc2-5e01-49c8-a44a-82d561d92f90, findElement {using=xpath, value=//h1[@class='listing-search-title']}]
Capabilities {acceptInsecureCerts: true, browserName: firefox, browserVersion: 100.0, javascriptEnabled: true, moz:accessibilityChecks: false, moz:buildID: 20220428192727, moz:debuggerAddress: localhost:55261, moz:geckodriverVersion: 0.31.0, moz:headless: false, moz:processID: 12432, moz:profile: C:\Users\bindi\AppData\Loca..., moz:shutdownTimeout: 60000, moz:useNonSpecCompliantPointerOrigin: false, moz:webdriverClick: true, pageLoadStrategy: normal, platform: WINDOWS, platformName: WINDOWS, platformVersion: 10.0, proxy: Proxy(), se:cdp: ws://localhost:55261/devtoo..., se:cdpVersion: 85, setWindowRect: true, strictFileInteractability: false, timeouts: {implicit: 0, pageLoad: 300000, script: 30000}, unhandledPromptBehavior: dismiss and notify}
Session ID: 66284fc2-5e01-49c8-a44a-82d561d92f90
	at sun.reflect.NativeConstructorAccessorImpl.newInstance0(Native Method)
	at sun.reflect.NativeConstructorAccessorImpl.newInstance(NativeConstructorAccessorImpl.java:62)
	at sun.reflect.DelegatingConstructorAccessorImpl.newInstance(DelegatingConstructorAccessorImpl.java:45)
	at java.lang.reflect.Constructor.newInstance(Constructor.java:423)
	at org.openqa.selenium.remote.codec.w3c.W3CHttpResponseCodec.createException(W3CHttpResponseCodec.java:200)
	at org.openqa.selenium.remote.codec.w3c.W3CHttpResponseCodec.decode(W3CHttpResponseCodec.java:133)
	at org.openqa.selenium.remote.codec.w3c.W3CHttpResponseCodec.decode(W3CHttpResponseCodec.java:53)
	at org.openqa.selenium.remote.HttpCommandExecutor.execute(HttpCommandExecutor.java:184)
	at org.openqa.selenium.remote.service.DriverCommandExecutor.invokeExecute(DriverCommandExecutor.java:164)
	at org.openqa.selenium.remote.service.DriverCommandExecutor.execute(DriverCommandExecutor.java:139)
	at org.openqa.selenium.remote.RemoteWebDriver.execute(RemoteWebDriver.java:559)
	at org.openqa.selenium.remote.ElementLocation$ElementFinder$2.findElement(ElementLocation.java:162)
	at org.openqa.selenium.remote.ElementLocation.findElement(ElementLocation.java:60)
	at org.openqa.selenium.remote.RemoteWebDriver.findElement(RemoteWebDriver.java:383)
	at org.openqa.selenium.remote.RemoteWebDriver.findElement(RemoteWebDriver.java:375)
	at org.openqa.selenium.support.pagefactory.DefaultElementLocator.findElement(DefaultElementLocator.java:70)
	at org.openqa.selenium.support.pagefactory.internal.LocatingElementHandler.invoke(LocatingElementHandler.java:39)
	at com.sun.proxy.$Proxy21.getText(Unknown Source)
	at au.com.carsguide.utility.Utility.getTextFromElement(Utility.java:62)
	at au.com.carsguide.pages.NewAndUsedCarSearchPage.iShouldSeeTheMakeInResults(NewAndUsedCarSearchPage.java:81)
	at au.com.carsguide.steps.BuyAndSellCarsSearchSteps.iShouldSeeTheMakeInResults(BuyAndSellCarsSearchSteps.java:55)
	at ✽.Then I should see the make "Nissan" in results(buy.feature:15)
</pre></pre></td>
                                                    </tr>
                                                    <tr>
                                                        <td>May 20, 2022 08:54:51 PM</td>
                                                        <td class='linked' test-id='49'>Search functionality.Search the buy car with model.Search the buy car with model.And I select location "NSW-All"</td>
                                                        <td><pre><pre>org.openqa.selenium.NoSuchElementException: Cannot locate option with value: NSW-All
For documentation on this error, please visit: https://selenium.dev/exceptions/#no_such_element
Build info: version: '4.0.0', revision: '3a21814679'
System info: host: 'BINDI', ip: '192.168.1.84', os.name: 'Windows 10', os.arch: 'amd64', os.version: '10.0', java.version: '1.8.0_121'
Driver info: driver.version: unknown
	at org.openqa.selenium.support.ui.Select.findOptionsByValue(Select.java:287)
	at org.openqa.selenium.support.ui.Select.selectByValue(Select.java:190)
	at au.com.carsguide.utility.Utility.selectByValueFromDropDown(Utility.java:157)
	at au.com.carsguide.pages.NewAndUsedCarSearchPage.selectLocationFromDropDown(NewAndUsedCarSearchPage.java:60)
	at au.com.carsguide.steps.BuyAndSellCarsSearchSteps.iSelectLocation(BuyAndSellCarsSearchSteps.java:40)
	at ✽.And I select location "NSW-All"(buy.feature:12)
</pre></pre></td>
                                                    </tr>
                                                    <tr>
                                                        <td>May 20, 2022 08:55:28 PM</td>
                                                        <td class='linked' test-id='59'>Search functionality.Search the buy car with model.Search the buy car with model.And I select location "NSW-Sydney"</td>
                                                        <td><pre><pre>org.openqa.selenium.NoSuchElementException: Cannot locate option with value: NSW-Sydney
For documentation on this error, please visit: https://selenium.dev/exceptions/#no_such_element
Build info: version: '4.0.0', revision: '3a21814679'
System info: host: 'BINDI', ip: '192.168.1.84', os.name: 'Windows 10', os.arch: 'amd64', os.version: '10.0', java.version: '1.8.0_121'
Driver info: driver.version: unknown
	at org.openqa.selenium.support.ui.Select.findOptionsByValue(Select.java:287)
	at org.openqa.selenium.support.ui.Select.selectByValue(Select.java:190)
	at au.com.carsguide.utility.Utility.selectByValueFromDropDown(Utility.java:157)
	at au.com.carsguide.pages.NewAndUsedCarSearchPage.selectLocationFromDropDown(NewAndUsedCarSearchPage.java:60)
	at au.com.carsguide.steps.BuyAndSellCarsSearchSteps.iSelectLocation(BuyAndSellCarsSearchSteps.java:40)
	at ✽.And I select location "NSW-Sydney"(buy.feature:12)
</pre></pre></td>
                                                    </tr>
                                                    <tr>
                                                        <td>May 20, 2022 08:56:32 PM</td>
                                                        <td class='linked' test-id='83'>Search functionality.Search the used car with model.Search the used car with model.Then I should see the make "Nissan" in results</td>
                                                        <td><pre><pre>org.openqa.selenium.NoSuchElementException: Unable to locate element: //h1[@class='listing-search-title']
For documentation on this error, please visit: https://selenium.dev/exceptions/#no_such_element
Build info: version: '4.0.0', revision: '3a21814679'
System info: host: 'BINDI', ip: '192.168.1.84', os.name: 'Windows 10', os.arch: 'amd64', os.version: '10.0', java.version: '1.8.0_121'
Driver info: org.openqa.selenium.firefox.FirefoxDriver
Command: [5096fe61-ae43-4f2d-a505-f33c87ec587d, findElement {using=xpath, value=//h1[@class='listing-search-title']}]
Capabilities {acceptInsecureCerts: true, browserName: firefox, browserVersion: 100.0, javascriptEnabled: true, moz:accessibilityChecks: false, moz:buildID: 20220428192727, moz:debuggerAddress: localhost:52317, moz:geckodriverVersion: 0.31.0, moz:headless: false, moz:processID: 15604, moz:profile: C:\Users\bindi\AppData\Loca..., moz:shutdownTimeout: 60000, moz:useNonSpecCompliantPointerOrigin: false, moz:webdriverClick: true, pageLoadStrategy: normal, platform: WINDOWS, platformName: WINDOWS, platformVersion: 10.0, proxy: Proxy(), se:cdp: ws://localhost:52317/devtoo..., se:cdpVersion: 85, setWindowRect: true, strictFileInteractability: false, timeouts: {implicit: 0, pageLoad: 300000, script: 30000}, unhandledPromptBehavior: dismiss and notify}
Session ID: 5096fe61-ae43-4f2d-a505-f33c87ec587d
	at sun.reflect.NativeConstructorAccessorImpl.newInstance0(Native Method)
	at sun.reflect.NativeConstructorAccessorImpl.newInstance(NativeConstructorAccessorImpl.java:62)
	at sun.reflect.DelegatingConstructorAccessorImpl.newInstance(DelegatingConstructorAccessorImpl.java:45)
	at java.lang.reflect.Constructor.newInstance(Constructor.java:423)
	at org.openqa.selenium.remote.codec.w3c.W3CHttpResponseCodec.createException(W3CHttpResponseCodec.java:200)
	at org.openqa.selenium.remote.codec.w3c.W3CHttpResponseCodec.decode(W3CHttpResponseCodec.java:133)
	at org.openqa.selenium.remote.codec.w3c.W3CHttpResponseCodec.decode(W3CHttpResponseCodec.java:53)
	at org.openqa.selenium.remote.HttpCommandExecutor.execute(HttpCommandExecutor.java:184)
	at org.openqa.selenium.remote.service.DriverCommandExecutor.invokeExecute(DriverCommandExecutor.java:164)
	at org.openqa.selenium.remote.service.DriverCommandExecutor.execute(DriverCommandExecutor.java:139)
	at org.openqa.selenium.remote.RemoteWebDriver.execute(RemoteWebDriver.java:559)
	at org.openqa.selenium.remote.ElementLocation$ElementFinder$2.findElement(ElementLocation.java:162)
	at org.openqa.selenium.remote.ElementLocation.findElement(ElementLocation.java:60)
	at org.openqa.selenium.remote.RemoteWebDriver.findElement(RemoteWebDriver.java:383)
	at org.openqa.selenium.remote.RemoteWebDriver.findElement(RemoteWebDriver.java:375)
	at org.openqa.selenium.support.pagefactory.DefaultElementLocator.findElement(DefaultElementLocator.java:70)
	at org.openqa.selenium.support.pagefactory.internal.LocatingElementHandler.invoke(LocatingElementHandler.java:39)
	at com.sun.proxy.$Proxy21.getText(Unknown Source)
	at au.com.carsguide.utility.Utility.getTextFromElement(Utility.java:62)
	at au.com.carsguide.pages.NewAndUsedCarSearchPage.iShouldSeeTheMakeInResults(NewAndUsedCarSearchPage.java:81)
	at au.com.carsguide.steps.BuyAndSellCarsSearchSteps.iShouldSeeTheMakeInResults(BuyAndSellCarsSearchSteps.java:55)
	at ✽.Then I should see the make "Nissan" in results(buy.feature:36)
</pre></pre></td>
                                                    </tr>
                                                    <tr>
                                                        <td>May 20, 2022 08:57:36 PM</td>
                                                        <td class='linked' test-id='93'>Search functionality.Search the used car with model.Search the used car with model.Then I should see the make "Volkswagen" in results</td>
                                                        <td><pre><pre>org.openqa.selenium.NoSuchElementException: Unable to locate element: //h1[@class='listing-search-title']
For documentation on this error, please visit: https://selenium.dev/exceptions/#no_such_element
Build info: version: '4.0.0', revision: '3a21814679'
System info: host: 'BINDI', ip: '192.168.1.84', os.name: 'Windows 10', os.arch: 'amd64', os.version: '10.0', java.version: '1.8.0_121'
Driver info: org.openqa.selenium.firefox.FirefoxDriver
Command: [5c592d21-d55f-4ab4-8cd8-da8f17809e0f, findElement {using=xpath, value=//h1[@class='listing-search-title']}]
Capabilities {acceptInsecureCerts: true, browserName: firefox, browserVersion: 100.0, javascriptEnabled: true, moz:accessibilityChecks: false, moz:buildID: 20220428192727, moz:debuggerAddress: localhost:52763, moz:geckodriverVersion: 0.31.0, moz:headless: false, moz:processID: 13240, moz:profile: C:\Users\bindi\AppData\Loca..., moz:shutdownTimeout: 60000, moz:useNonSpecCompliantPointerOrigin: false, moz:webdriverClick: true, pageLoadStrategy: normal, platform: WINDOWS, platformName: WINDOWS, platformVersion: 10.0, proxy: Proxy(), se:cdp: ws://localhost:52763/devtoo..., se:cdpVersion: 85, setWindowRect: true, strictFileInteractability: false, timeouts: {implicit: 0, pageLoad: 300000, script: 30000}, unhandledPromptBehavior: dismiss and notify}
Session ID: 5c592d21-d55f-4ab4-8cd8-da8f17809e0f
	at sun.reflect.NativeConstructorAccessorImpl.newInstance0(Native Method)
	at sun.reflect.NativeConstructorAccessorImpl.newInstance(NativeConstructorAccessorImpl.java:62)
	at sun.reflect.DelegatingConstructorAccessorImpl.newInstance(DelegatingConstructorAccessorImpl.java:45)
	at java.lang.reflect.Constructor.newInstance(Constructor.java:423)
	at org.openqa.selenium.remote.codec.w3c.W3CHttpResponseCodec.createException(W3CHttpResponseCodec.java:200)
	at org.openqa.selenium.remote.codec.w3c.W3CHttpResponseCodec.decode(W3CHttpResponseCodec.java:133)
	at org.openqa.selenium.remote.codec.w3c.W3CHttpResponseCodec.decode(W3CHttpResponseCodec.java:53)
	at org.openqa.selenium.remote.HttpCommandExecutor.execute(HttpCommandExecutor.java:184)
	at org.openqa.selenium.remote.service.DriverCommandExecutor.invokeExecute(DriverCommandExecutor.java:164)
	at org.openqa.selenium.remote.service.DriverCommandExecutor.execute(DriverCommandExecutor.java:139)
	at org.openqa.selenium.remote.RemoteWebDriver.execute(RemoteWebDriver.java:559)
	at org.openqa.selenium.remote.ElementLocation$ElementFinder$2.findElement(ElementLocation.java:162)
	at org.openqa.selenium.remote.ElementLocation.findElement(ElementLocation.java:60)
	at org.openqa.selenium.remote.RemoteWebDriver.findElement(RemoteWebDriver.java:383)
	at org.openqa.selenium.remote.RemoteWebDriver.findElement(RemoteWebDriver.java:375)
	at org.openqa.selenium.support.pagefactory.DefaultElementLocator.findElement(DefaultElementLocator.java:70)
	at org.openqa.selenium.support.pagefactory.internal.LocatingElementHandler.invoke(LocatingElementHandler.java:39)
	at com.sun.proxy.$Proxy21.getText(Unknown Source)
	at au.com.carsguide.utility.Utility.getTextFromElement(Utility.java:62)
	at au.com.carsguide.pages.NewAndUsedCarSearchPage.iShouldSeeTheMakeInResults(NewAndUsedCarSearchPage.java:81)
	at au.com.carsguide.steps.BuyAndSellCarsSearchSteps.iShouldSeeTheMakeInResults(BuyAndSellCarsSearchSteps.java:55)
	at ✽.Then I should see the make "Volkswagen" in results(buy.feature:36)
</pre></pre></td>
                                                    </tr>
                                                    <tr>
                                                        <td>May 20, 2022 08:58:41 PM</td>
                                                        <td class='linked' test-id='103'>Search functionality.Search the used car with model.Search the used car with model.Then I should see the make "Kia" in results</td>
                                                        <td><pre><pre>org.openqa.selenium.NoSuchElementException: Unable to locate element: //h1[@class='listing-search-title']
For documentation on this error, please visit: https://selenium.dev/exceptions/#no_such_element
Build info: version: '4.0.0', revision: '3a21814679'
System info: host: 'BINDI', ip: '192.168.1.84', os.name: 'Windows 10', os.arch: 'amd64', os.version: '10.0', java.version: '1.8.0_121'
Driver info: org.openqa.selenium.firefox.FirefoxDriver
Command: [5c847001-fb96-4b65-9f5e-8e1c17a7fc06, findElement {using=xpath, value=//h1[@class='listing-search-title']}]
Capabilities {acceptInsecureCerts: true, browserName: firefox, browserVersion: 100.0, javascriptEnabled: true, moz:accessibilityChecks: false, moz:buildID: 20220428192727, moz:debuggerAddress: localhost:53035, moz:geckodriverVersion: 0.31.0, moz:headless: false, moz:processID: 1748, moz:profile: C:\Users\bindi\AppData\Loca..., moz:shutdownTimeout: 60000, moz:useNonSpecCompliantPointerOrigin: false, moz:webdriverClick: true, pageLoadStrategy: normal, platform: WINDOWS, platformName: WINDOWS, platformVersion: 10.0, proxy: Proxy(), se:cdp: ws://localhost:53035/devtoo..., se:cdpVersion: 85, setWindowRect: true, strictFileInteractability: false, timeouts: {implicit: 0, pageLoad: 300000, script: 30000}, unhandledPromptBehavior: dismiss and notify}
Session ID: 5c847001-fb96-4b65-9f5e-8e1c17a7fc06
	at sun.reflect.NativeConstructorAccessorImpl.newInstance0(Native Method)
	at sun.reflect.NativeConstructorAccessorImpl.newInstance(NativeConstructorAccessorImpl.java:62)
	at sun.reflect.DelegatingConstructorAccessorImpl.newInstance(DelegatingConstructorAccessorImpl.java:45)
	at java.lang.reflect.Constructor.newInstance(Constructor.java:423)
	at org.openqa.selenium.remote.codec.w3c.W3CHttpResponseCodec.createException(W3CHttpResponseCodec.java:200)
	at org.openqa.selenium.remote.codec.w3c.W3CHttpResponseCodec.decode(W3CHttpResponseCodec.java:133)
	at org.openqa.selenium.remote.codec.w3c.W3CHttpResponseCodec.decode(W3CHttpResponseCodec.java:53)
	at org.openqa.selenium.remote.HttpCommandExecutor.execute(HttpCommandExecutor.java:184)
	at org.openqa.selenium.remote.service.DriverCommandExecutor.invokeExecute(DriverCommandExecutor.java:164)
	at org.openqa.selenium.remote.service.DriverCommandExecutor.execute(DriverCommandExecutor.java:139)
	at org.openqa.selenium.remote.RemoteWebDriver.execute(RemoteWebDriver.java:559)
	at org.openqa.selenium.remote.ElementLocation$ElementFinder$2.findElement(ElementLocation.java:162)
	at org.openqa.selenium.remote.ElementLocation.findElement(ElementLocation.java:60)
	at org.openqa.selenium.remote.RemoteWebDriver.findElement(RemoteWebDriver.java:383)
	at org.openqa.selenium.remote.RemoteWebDriver.findElement(RemoteWebDriver.java:375)
	at org.openqa.selenium.support.pagefactory.DefaultElementLocator.findElement(DefaultElementLocator.java:70)
	at org.openqa.selenium.support.pagefactory.internal.LocatingElementHandler.invoke(LocatingElementHandler.java:39)
	at com.sun.proxy.$Proxy21.getText(Unknown Source)
	at au.com.carsguide.utility.Utility.getTextFromElement(Utility.java:62)
	at au.com.carsguide.pages.NewAndUsedCarSearchPage.iShouldSeeTheMakeInResults(NewAndUsedCarSearchPage.java:81)
	at au.com.carsguide.steps.BuyAndSellCarsSearchSteps.iShouldSeeTheMakeInResults(BuyAndSellCarsSearchSteps.java:55)
	at ✽.Then I should see the make "Kia" in results(buy.feature:36)
</pre></pre></td>
                                                    </tr>
                                                    <tr>
                                                        <td>May 20, 2022 08:59:42 PM</td>
                                                        <td class='linked' test-id='113'>Search functionality.Search the used car with model.Search the used car with model.Then I should see the make "MG" in results</td>
                                                        <td><pre><pre>org.openqa.selenium.NoSuchElementException: Unable to locate element: //h1[@class='listing-search-title']
For documentation on this error, please visit: https://selenium.dev/exceptions/#no_such_element
Build info: version: '4.0.0', revision: '3a21814679'
System info: host: 'BINDI', ip: '192.168.1.84', os.name: 'Windows 10', os.arch: 'amd64', os.version: '10.0', java.version: '1.8.0_121'
Driver info: org.openqa.selenium.firefox.FirefoxDriver
Command: [456c4c4f-abc4-49ed-9d69-2e7e9023097a, findElement {using=xpath, value=//h1[@class='listing-search-title']}]
Capabilities {acceptInsecureCerts: true, browserName: firefox, browserVersion: 100.0, javascriptEnabled: true, moz:accessibilityChecks: false, moz:buildID: 20220428192727, moz:debuggerAddress: localhost:53041, moz:geckodriverVersion: 0.31.0, moz:headless: false, moz:processID: 7632, moz:profile: C:\Users\bindi\AppData\Loca..., moz:shutdownTimeout: 60000, moz:useNonSpecCompliantPointerOrigin: false, moz:webdriverClick: true, pageLoadStrategy: normal, platform: WINDOWS, platformName: WINDOWS, platformVersion: 10.0, proxy: Proxy(), se:cdp: ws://localhost:53041/devtoo..., se:cdpVersion: 85, setWindowRect: true, strictFileInteractability: false, timeouts: {implicit: 0, pageLoad: 300000, script: 30000}, unhandledPromptBehavior: dismiss and notify}
Session ID: 456c4c4f-abc4-49ed-9d69-2e7e9023097a
	at sun.reflect.NativeConstructorAccessorImpl.newInstance0(Native Method)
	at sun.reflect.NativeConstructorAccessorImpl.newInstance(NativeConstructorAccessorImpl.java:62)
	at sun.reflect.DelegatingConstructorAccessorImpl.newInstance(DelegatingConstructorAccessorImpl.java:45)
	at java.lang.reflect.Constructor.newInstance(Constructor.java:423)
	at org.openqa.selenium.remote.codec.w3c.W3CHttpResponseCodec.createException(W3CHttpResponseCodec.java:200)
	at org.openqa.selenium.remote.codec.w3c.W3CHttpResponseCodec.decode(W3CHttpResponseCodec.java:133)
	at org.openqa.selenium.remote.codec.w3c.W3CHttpResponseCodec.decode(W3CHttpResponseCodec.java:53)
	at org.openqa.selenium.remote.HttpCommandExecutor.execute(HttpCommandExecutor.java:184)
	at org.openqa.selenium.remote.service.DriverCommandExecutor.invokeExecute(DriverCommandExecutor.java:164)
	at org.openqa.selenium.remote.service.DriverCommandExecutor.execute(DriverCommandExecutor.java:139)
	at org.openqa.selenium.remote.RemoteWebDriver.execute(RemoteWebDriver.java:559)
	at org.openqa.selenium.remote.ElementLocation$ElementFinder$2.findElement(ElementLocation.java:162)
	at org.openqa.selenium.remote.ElementLocation.findElement(ElementLocation.java:60)
	at org.openqa.selenium.remote.RemoteWebDriver.findElement(RemoteWebDriver.java:383)
	at org.openqa.selenium.remote.RemoteWebDriver.findElement(RemoteWebDriver.java:375)
	at org.openqa.selenium.support.pagefactory.DefaultElementLocator.findElement(DefaultElementLocator.java:70)
	at org.openqa.selenium.support.pagefactory.internal.LocatingElementHandler.invoke(LocatingElementHandler.java:39)
	at com.sun.proxy.$Proxy21.getText(Unknown Source)
	at au.com.carsguide.utility.Utility.getTextFromElement(Utility.java:62)
	at au.com.carsguide.pages.NewAndUsedCarSearchPage.iShouldSeeTheMakeInResults(NewAndUsedCarSearchPage.java:81)
	at au.com.carsguide.steps.BuyAndSellCarsSearchSteps.iShouldSeeTheMakeInResults(BuyAndSellCarsSearchSteps.java:55)
	at ✽.Then I should see the make "MG" in results(buy.feature:36)
</pre></pre></td>
                                                    </tr>
                                        </tbody>
                                    </table>
                                </div>
                            </div>
                        </li>
                        <li class='exception displayed active'>
                            <div class='exception-heading'>
                                <span class='exception-name'>org.openqa.selenium.WebDriverException</span>
                                <span class='exception-count right'><span class='label red lighten-1 white-text'>1</span></span>
                            </div>
                            <div class='exception-content hide'>
                                <div class='exception-tests'>
                                    <table class='bordered table-results'>
                                        <thead>
                                        <tr>
                                            <th>Timestamp</th>
                                            <th>TestName</th>
                                            <th>Status</th>
                                        </tr>
                                        </thead>
                                        <tbody>
                                                    <tr>
                                                        <td>May 20, 2022 09:00:46 PM</td>
                                                        <td class='linked' test-id='120'>Search functionality.Search the used car with model.Search the used car with model.And I select location "WA - Perth"</td>
                                                        <td><pre><textarea>org.openqa.selenium.WebDriverException: Failed to decode response from marionette
Build info: version: '4.0.0', revision: '3a21814679'
System info: host: 'BINDI', ip: '192.168.1.84', os.name: 'Windows 10', os.arch: 'amd64', os.version: '10.0', java.version: '1.8.0_121'
Driver info: org.openqa.selenium.firefox.FirefoxDriver
Command: [21505636-f5d4-4239-a746-3ea6a066bb18, findElement {using=id, value=locations}]
Capabilities {acceptInsecureCerts: true, browserName: firefox, browserVersion: 100.0, javascriptEnabled: true, moz:accessibilityChecks: false, moz:buildID: 20220428192727, moz:debuggerAddress: localhost:60660, moz:geckodriverVersion: 0.31.0, moz:headless: false, moz:processID: 10212, moz:profile: C:\Users\bindi\AppData\Loca..., moz:shutdownTimeout: 60000, moz:useNonSpecCompliantPointerOrigin: false, moz:webdriverClick: true, pageLoadStrategy: normal, platform: WINDOWS, platformName: WINDOWS, platformVersion: 10.0, proxy: Proxy(), se:cdp: ws://localhost:60660/devtoo..., se:cdpVersion: 85, setWindowRect: true, strictFileInteractability: false, timeouts: {implicit: 0, pageLoad: 300000, script: 30000}, unhandledPromptBehavior: dismiss and notify}
Session ID: 21505636-f5d4-4239-a746-3ea6a066bb18
	at sun.reflect.NativeConstructorAccessorImpl.newInstance0(Native Method)
	at sun.reflect.NativeConstructorAccessorImpl.newInstance(NativeConstructorAccessorImpl.java:62)
	at sun.reflect.DelegatingConstructorAccessorImpl.newInstance(DelegatingConstructorAccessorImpl.java:45)
	at java.lang.reflect.Constructor.newInstance(Constructor.java:423)
	at org.openqa.selenium.remote.codec.w3c.W3CHttpResponseCodec.createException(W3CHttpResponseCodec.java:200)
	at org.openqa.selenium.remote.codec.w3c.W3CHttpResponseCodec.decode(W3CHttpResponseCodec.java:133)
	at org.openqa.selenium.remote.codec.w3c.W3CHttpResponseCodec.decode(W3CHttpResponseCodec.java:53)
	at org.openqa.selenium.remote.HttpCommandExecutor.execute(HttpCommandExecutor.java:184)
	at org.openqa.selenium.remote.service.DriverCommandExecutor.invokeExecute(DriverCommandExecutor.java:164)
	at org.openqa.selenium.remote.service.DriverCommandExecutor.execute(DriverCommandExecutor.java:139)
	at org.openqa.selenium.remote.RemoteWebDriver.execute(RemoteWebDriver.java:559)
	at org.openqa.selenium.remote.ElementLocation$ElementFinder$2.findElement(ElementLocation.java:162)
	at org.openqa.selenium.remote.ElementLocation.findElement(ElementLocation.java:60)
	at org.openqa.selenium.remote.RemoteWebDriver.findElement(RemoteWebDriver.java:383)
	at org.openqa.selenium.remote.RemoteWebDriver.findElement(RemoteWebDriver.java:375)
	at org.openqa.selenium.support.pagefactory.DefaultElementLocator.findElement(DefaultElementLocator.java:70)
	at org.openqa.selenium.support.pagefactory.internal.LocatingElementHandler.invoke(LocatingElementHandler.java:39)
	at com.sun.proxy.$Proxy21.getTagName(Unknown Source)
	at org.openqa.selenium.support.ui.Select.<init>(Select.java:46)
	at au.com.carsguide.utility.Utility.selectByValueFromDropDown(Utility.java:157)
	at au.com.carsguide.pages.NewAndUsedCarSearchPage.selectLocationFromDropDown(NewAndUsedCarSearchPage.java:60)
	at au.com.carsguide.steps.BuyAndSellCarsSearchSteps.iSelectLocation(BuyAndSellCarsSearchSteps.java:40)
	at ✽.And I select location "WA - Perth"(buy.feature:33)
</textarea></pre></td>
                                                    </tr>
                                        </tbody>
                                    </table>
                                </div>
                            </div>
                        </li>
                </ul>
        </div>
    </div>

    <div class='subview-right left'>
        <div class='view-summary'>
            <h5 class='exception-name'></h5>
        </div>
    </div>
</div>
<!-- exception view -->
<div id='dashboard-view' class='view hide'>
	<div class='card-panel transparent np-v'>
		<h5>Dashboard</h5>

		<div class='row'>
			<div class='col s2'>
				<div class='card-panel r'>
					Features
					<div class='panel-lead'>1</div>
				</div>
			</div>
			<div class='col s2'>
				<div class='card-panel r'>
					Scenarios
					<div class='panel-lead'>12</div>
				</div>
			</div>
			<div class='col s2'>
				<div class='card-panel r'>
					Steps
					<div class='panel-lead'>108</div>
				</div>
			</div>
			<div class='col s2'>
				<div class='card-panel r'>
					Start
					<div class='panel-lead'>May 20, 2022 08:52:31 PM</div>
				</div>
			</div>
			<div class='col s2'>
				<div class='card-panel r'>
			 		End
			 		<div class='panel-lead'>May 20, 2022 09:00:46 PM</div>
				</div>
			</div>
			<div class='col s2'>
				<div class='card-panel r'>
					Time Taken
					<div class='panel-lead'>495,054ms</div>
				</div>
			</div>
			<div class='col s4'>
				<div class='card-panel dashboard-environment'>
					<span class='right label cyan white-text'>Environment</span><p>&nbsp;</p>
					
					<table>
						<tr>
							<th>Name</th>
							<th>Value</th>
						</tr>
							<tr>
								<td>User Name</td>
								<td>bindi</td>
							</tr>
							<tr>
								<td>Time Zone</td>
								<td>Europe/London</td>
							</tr>
							<tr>
								<td>Machine</td>
								<td>Windows 1064 Bit</td>
							</tr>
							<tr>
								<td>Selenium</td>
								<td>4.1.1</td>
							</tr>
							<tr>
								<td>Maven</td>
								<td>3.7</td>
							</tr>
							<tr>
								<td>Java Version</td>
								<td>1.8.0_151</td>
							</tr>
					</table>
				</div>
			</div>
			<div class='col s6'>
				<div class='card-panel dashboard-categories'>
					<span class='right label cyan white-text'>Categories</span><p>&nbsp;</p>
					
					<table>
						<tr>
							<th>Name</th>
							<th>Passed</th>
							<th>Failed</th>
							<th>Others</th>
							<th>Passed %</th>
						</tr>
						<tr>
							<td>@Regression</td>
							<td>0</td>
							<td>12</td>
							<td>0</td>
							<td>
									0%
							</td>
						</tr>
					</table>
				</div>
			</div>
		</div>
	</div>
</div>
<!-- dashboard view -->
<!-- testrunner-logs view -->
		</div>
		<!-- container -->

		<script>
			var statusGroup = {
				passParent: 0,
				failParent: 1,
				fatalParent: 0,
				errorParent: 0,
				warningParent: 0,
				skipParent: 0,
				exceptionsParent: 1,
				
				passChild: 0,
				failChild: 12,
				fatalChild: 0,
				errorChild: 0,
				warningChild: 0,
				skipChild: 0,
				infoChild: 0,
				exceptionsChild: 12,
				
				passGrandChild: 87,
				failGrandChild: 12,
				fatalGrandChild: 0,
				errorGrandChild: 0,
				warningGrandChild: 0,
				skipGrandChild: 9,
				infoGrandChild: 0,
				exceptionsGrandChild: 21,
			};
		</script>
		
			<script src='https://cdn.rawgit.com/anshooarora/extentreports-java/fca20fb7653aade98810546ab96a2a4360e3e712/dist/js/extent.js' type='text/javascript'></script>
		
		
 		<script type='text/javascript'>
 			
            
        $(document).ready(function() {

        });
      
        
 		</script>
	</body>
	
</html>
